Apr 10, 2023 7:15:38 PM com.mavrck.gridbot.server.ConfManager getProperties
INFO: Loading props /home/denni-15540/xaxep/Mavrck-og/conf/conf.properties
Apr 10, 2023 7:15:38 PM com.mavrck.gridbot.server.ConfManager getProperties
INFO: Loading props /home/denni-15540/xaxep/Mavrck-og/conf/server.properties
Apr 10, 2023 7:15:38 PM com.mavrck.gridbot.server.ConfManager getProperties
INFO: Loading props /home/denni-15540/xaxep/Mavrck-og/conf/credential.properties
Apr 10, 2023 7:15:38 PM com.mavrck.gridbot.server.ConfManager initialize
INFO: MAVERICK Server ConfManager initialized Successfully.
Apr 10, 2023 7:15:38 PM com.mavrck.gridbot.server.ServerMain main
INFO: Server Started Successfully
Starting ChromeDriver 103.0.5060.53 (a1711811edd74ff1cf2150f36ffa3b0dae40b17f-refs/branch-heads/5060@{#853}) on port 39064
Only local connections are allowed.
Please see https://chromedriver.chromium.org/security-considerations for suggestions on keeping ChromeDriver safe.
ChromeDriver was started successfully.
Apr 10, 2023 7:15:39 PM org.openqa.selenium.remote.ProtocolHandshake createSession
INFO: Detected upstream dialect: W3C
Apr 10, 2023 7:15:39 PM org.openqa.selenium.devtools.CdpVersionFinder findNearestMatch
INFO: Found exact CDP implementation for version 103
Apr 10, 2023 7:15:40 PM com.mavrck.gridbot.server.BotSession checkTicker
INFO: [checkTicker] [TICKER] DOGE/INR BTC/INR
Apr 10, 2023 7:15:40 PM com.mavrck.gridbot.server.BotSession checkTicker
INFO: [checkTicker] [TICKER] [TICKER NOT EQUAL] [SELECTING GIVEN TICKER]
Apr 10, 2023 7:15:42 PM com.mavrck.gridbot.server.BotSession checkTicker
INFO: [checkTicker] [TICKER] BTC/INR BTC/INR
Apr 10, 2023 7:15:42 PM com.mavrck.gridbot.server.BotSession checkTicker
INFO: [checkTicker] [TICKER] BTC/INR
Apr 10, 2023 7:15:44 PM com.mavrck.gridbot.server.BotRoom handleBotSession
INFO: BUYING
Apr 10, 2023 7:15:47 PM com.mavrck.gridbot.server.BotSession getCurrentPrice
INFO: [getCurrentPrice] [CURRENT PRICE] ₹24,64,990
Apr 10, 2023 7:15:47 PM com.mavrck.gridbot.server.BotSession getCurrentPrice
INFO: [getCurrentPrice] [CURRENT PRICE] [REMOVED UNWANTED CHAR]2464990
Apr 10, 2023 7:15:47 PM com.mavrck.gridbot.server.BotSession buy
INFO: [BOTSESSION] [BUY]2464990
Apr 10, 2023 7:15:49 PM com.mavrck.gridbot.server.BotRoom handleBotSession
INFO: SELLING
Apr 10, 2023 7:15:52 PM com.mavrck.gridbot.server.BotSession getCurrentPrice
INFO: [getCurrentPrice] [CURRENT PRICE] ₹24,64,990
Apr 10, 2023 7:15:52 PM com.mavrck.gridbot.server.BotSession getCurrentPrice
INFO: [getCurrentPrice] [CURRENT PRICE] [REMOVED UNWANTED CHAR]2464990
Apr 10, 2023 7:15:52 PM com.mavrck.gridbot.server.BotSession sell
INFO: [BOTSESSION] [SELL]2464990
{BTC=com.mavrck.gridbot.server.BotSession@366c4480}
com.mavrck.gridbot.server.BotSession@366c4480
Apr 10, 2023 7:15:54 PM com.mavrck.gridbot.server.BotSession getCurrentPrice
INFO: [getCurrentPrice] [CURRENT PRICE] ₹24,64,990
Apr 10, 2023 7:15:54 PM com.mavrck.gridbot.server.BotSession getCurrentPrice
INFO: [getCurrentPrice] [CURRENT PRICE] [REMOVED UNWANTED CHAR]2464990
[2404990, 2414990, 2424990, 2434990, 2444990, 2454990, 2464990, 2474990, 2484990, 2494990, 2504990, 2514990]
[red, red, red, red, red, red, red, green, green, green, green, green]
{2444990=red, 2494990=green, 2404990=red, 2454990=red, 2504990=green, 2414990=red, 2464990=red, 2514990=green, 2424990=red, 2474990=green, 2434990=red, 2484990=green}
Apr 10, 2023 7:16:09 PM com.mavrck.gridbot.server.BotSession getCurrentPrice
INFO: [getCurrentPrice] [CURRENT PRICE] ₹24,46,088
Apr 10, 2023 7:16:09 PM com.mavrck.gridbot.server.BotSession getCurrentPrice
INFO: [getCurrentPrice] [CURRENT PRICE] [REMOVED UNWANTED CHAR]2446088
HIGHERVALUE --> 2474990
LOWERVALUE --> 2454990
Apr 10, 2023 7:16:09 PM com.mavrck.gridbot.server.BotRoom handleBotSession
INFO: Waiting for next buy
Apr 10, 2023 7:16:13 PM com.mavrck.gridbot.server.BotSession getCurrentPrice
INFO: [getCurrentPrice] [CURRENT PRICE] ₹24,46,088
Apr 10, 2023 7:16:13 PM com.mavrck.gridbot.server.BotSession getCurrentPrice
INFO: [getCurrentPrice] [CURRENT PRICE] [REMOVED UNWANTED CHAR]2446088
Apr 10, 2023 7:16:13 PM com.mavrck.gridbot.server.BotSession sell
INFO: [BOTSESSION] [SELL]2446088
com.mavrck.gridbot.server.BotSession@366c4480
Apr 10, 2023 7:16:13 PM com.mavrck.gridbot.server.BotSession getCurrentPrice
INFO: [getCurrentPrice] [CURRENT PRICE] ₹24,46,088
Apr 10, 2023 7:16:13 PM com.mavrck.gridbot.server.BotSession getCurrentPrice
INFO: [getCurrentPrice] [CURRENT PRICE] [REMOVED UNWANTED CHAR]2446088
[2386088, 2396088, 2406088, 2416088, 2426088, 2436088, 2446088, 2456088, 2466088, 2476088, 2486088, 2496088]
[red, red, red, red, red, red, red, green, green, green, green, green]
{2466088=green, 2426088=red, 2494990=green, 2454990=red, 2386088=red, 2414990=red, 2476088=green, 2436088=red, 2504990=green, 2464990=red, 2396088=red, 2424990=red, 2486088=green, 2446088=red, 2514990=green, 2474990=green, 2406088=red, 2434990=red, 2496088=green, 2456088=green, 2484990=green, 2416088=red, 2444990=red, 2404990=red}
Apr 10, 2023 7:16:18 PM com.mavrck.gridbot.server.BotSession getCurrentPrice
INFO: [getCurrentPrice] [CURRENT PRICE] ₹24,46,088
Apr 10, 2023 7:16:18 PM com.mavrck.gridbot.server.BotSession getCurrentPrice
INFO: [getCurrentPrice] [CURRENT PRICE] [REMOVED UNWANTED CHAR]2446088
Apr 10, 2023 7:16:18 PM com.mavrck.gridbot.server.BotRoom handleBotSession
INFO: STAYING
Apr 10, 2023 7:16:23 PM com.mavrck.gridbot.server.BotSession getCurrentPrice
INFO: [getCurrentPrice] [CURRENT PRICE] ₹24,46,088
Apr 10, 2023 7:16:23 PM com.mavrck.gridbot.server.BotSession getCurrentPrice
INFO: [getCurrentPrice] [CURRENT PRICE] [REMOVED UNWANTED CHAR]2446088
Apr 10, 2023 7:16:23 PM com.mavrck.gridbot.server.BotRoom handleBotSession
INFO: STAYING
Apr 10, 2023 7:16:28 PM com.mavrck.gridbot.server.BotSession getCurrentPrice
INFO: [getCurrentPrice] [CURRENT PRICE] ₹24,46,088
Apr 10, 2023 7:16:28 PM com.mavrck.gridbot.server.BotSession getCurrentPrice
INFO: [getCurrentPrice] [CURRENT PRICE] [REMOVED UNWANTED CHAR]2446088
Apr 10, 2023 7:16:28 PM com.mavrck.gridbot.server.BotRoom handleBotSession
INFO: STAYING
Apr 10, 2023 7:16:33 PM com.mavrck.gridbot.server.BotSession getCurrentPrice
INFO: [getCurrentPrice] [CURRENT PRICE] ₹24,46,088
Apr 10, 2023 7:16:33 PM com.mavrck.gridbot.server.BotSession getCurrentPrice
INFO: [getCurrentPrice] [CURRENT PRICE] [REMOVED UNWANTED CHAR]2446088
Apr 10, 2023 7:16:33 PM com.mavrck.gridbot.server.BotRoom handleBotSession
INFO: STAYING
Apr 10, 2023 7:16:38 PM com.mavrck.gridbot.server.BotSession getCurrentPrice
INFO: [getCurrentPrice] [CURRENT PRICE] ₹24,46,088
Apr 10, 2023 7:16:38 PM com.mavrck.gridbot.server.BotSession getCurrentPrice
INFO: [getCurrentPrice] [CURRENT PRICE] [REMOVED UNWANTED CHAR]2446088
Apr 10, 2023 7:16:38 PM com.mavrck.gridbot.server.BotRoom handleBotSession
INFO: STAYING
Apr 10, 2023 7:16:43 PM com.mavrck.gridbot.server.BotSession getCurrentPrice
INFO: [getCurrentPrice] [CURRENT PRICE] ₹24,46,088
Apr 10, 2023 7:16:43 PM com.mavrck.gridbot.server.BotSession getCurrentPrice
INFO: [getCurrentPrice] [CURRENT PRICE] [REMOVED UNWANTED CHAR]2446088
Apr 10, 2023 7:16:43 PM com.mavrck.gridbot.server.BotRoom handleBotSession
INFO: STAYING
Apr 10, 2023 7:16:48 PM com.mavrck.gridbot.server.BotSession getCurrentPrice
INFO: [getCurrentPrice] [CURRENT PRICE] ₹24,46,088
Apr 10, 2023 7:16:48 PM com.mavrck.gridbot.server.BotSession getCurrentPrice
INFO: [getCurrentPrice] [CURRENT PRICE] [REMOVED UNWANTED CHAR]2446088
Apr 10, 2023 7:16:48 PM com.mavrck.gridbot.server.BotRoom handleBotSession
INFO: STAYING
Apr 10, 2023 7:16:53 PM com.mavrck.gridbot.server.BotSession getCurrentPrice
INFO: [getCurrentPrice] [CURRENT PRICE] ₹24,46,088
Apr 10, 2023 7:16:53 PM com.mavrck.gridbot.server.BotSession getCurrentPrice
INFO: [getCurrentPrice] [CURRENT PRICE] [REMOVED UNWANTED CHAR]2446088
Apr 10, 2023 7:16:53 PM com.mavrck.gridbot.server.BotRoom handleBotSession
INFO: STAYING
Apr 10, 2023 7:16:58 PM com.mavrck.gridbot.server.BotSession getCurrentPrice
INFO: [getCurrentPrice] [CURRENT PRICE] ₹24,46,088
Apr 10, 2023 7:16:58 PM com.mavrck.gridbot.server.BotSession getCurrentPrice
INFO: [getCurrentPrice] [CURRENT PRICE] [REMOVED UNWANTED CHAR]2446088
Apr 10, 2023 7:16:58 PM com.mavrck.gridbot.server.BotRoom handleBotSession
INFO: STAYING
Apr 10, 2023 7:17:03 PM com.mavrck.gridbot.server.BotSession getCurrentPrice
INFO: [getCurrentPrice] [CURRENT PRICE] ₹24,46,088
Apr 10, 2023 7:17:03 PM com.mavrck.gridbot.server.BotSession getCurrentPrice
INFO: [getCurrentPrice] [CURRENT PRICE] [REMOVED UNWANTED CHAR]2446088
Apr 10, 2023 7:17:03 PM com.mavrck.gridbot.server.BotRoom handleBotSession
INFO: STAYING
Apr 10, 2023 7:17:08 PM com.mavrck.gridbot.server.BotSession getCurrentPrice
INFO: [getCurrentPrice] [CURRENT PRICE] ₹24,46,088
Apr 10, 2023 7:17:08 PM com.mavrck.gridbot.server.BotSession getCurrentPrice
INFO: [getCurrentPrice] [CURRENT PRICE] [REMOVED UNWANTED CHAR]2446088
Apr 10, 2023 7:17:08 PM com.mavrck.gridbot.server.BotRoom handleBotSession
INFO: STAYING
Apr 10, 2023 7:17:13 PM com.mavrck.gridbot.server.BotSession getCurrentPrice
INFO: [getCurrentPrice] [CURRENT PRICE] ₹24,46,088
Apr 10, 2023 7:17:13 PM com.mavrck.gridbot.server.BotSession getCurrentPrice
INFO: [getCurrentPrice] [CURRENT PRICE] [REMOVED UNWANTED CHAR]2446088
Apr 10, 2023 7:17:13 PM com.mavrck.gridbot.server.BotRoom handleBotSession
INFO: STAYING
Apr 10, 2023 7:17:18 PM com.mavrck.gridbot.server.BotSession getCurrentPrice
INFO: [getCurrentPrice] [CURRENT PRICE] ₹24,46,088
Apr 10, 2023 7:17:18 PM com.mavrck.gridbot.server.BotSession getCurrentPrice
INFO: [getCurrentPrice] [CURRENT PRICE] [REMOVED UNWANTED CHAR]2446088
Apr 10, 2023 7:17:18 PM com.mavrck.gridbot.server.BotRoom handleBotSession
INFO: STAYING
Apr 10, 2023 7:17:23 PM com.mavrck.gridbot.server.BotSession getCurrentPrice
INFO: [getCurrentPrice] [CURRENT PRICE] ₹24,46,088
Apr 10, 2023 7:17:23 PM com.mavrck.gridbot.server.BotSession getCurrentPrice
INFO: [getCurrentPrice] [CURRENT PRICE] [REMOVED UNWANTED CHAR]2446088
Apr 10, 2023 7:17:23 PM com.mavrck.gridbot.server.BotRoom handleBotSession
INFO: STAYING
Apr 10, 2023 7:17:28 PM com.mavrck.gridbot.server.BotSession getCurrentPrice
INFO: [getCurrentPrice] [CURRENT PRICE] ₹24,46,088
Apr 10, 2023 7:17:28 PM com.mavrck.gridbot.server.BotSession getCurrentPrice
INFO: [getCurrentPrice] [CURRENT PRICE] [REMOVED UNWANTED CHAR]2446088
Apr 10, 2023 7:17:28 PM com.mavrck.gridbot.server.BotRoom handleBotSession
INFO: STAYING
Apr 10, 2023 7:17:33 PM com.mavrck.gridbot.server.BotSession getCurrentPrice
INFO: [getCurrentPrice] [CURRENT PRICE] ₹24,46,088
Apr 10, 2023 7:17:33 PM com.mavrck.gridbot.server.BotSession getCurrentPrice
INFO: [getCurrentPrice] [CURRENT PRICE] [REMOVED UNWANTED CHAR]2446088
Apr 10, 2023 7:17:33 PM com.mavrck.gridbot.server.BotRoom handleBotSession
INFO: STAYING
Apr 10, 2023 7:17:38 PM com.mavrck.gridbot.server.BotSession getCurrentPrice
INFO: [getCurrentPrice] [CURRENT PRICE] ₹24,46,088
Apr 10, 2023 7:17:38 PM com.mavrck.gridbot.server.BotSession getCurrentPrice
INFO: [getCurrentPrice] [CURRENT PRICE] [REMOVED UNWANTED CHAR]2446088
Apr 10, 2023 7:17:38 PM com.mavrck.gridbot.server.BotRoom handleBotSession
INFO: STAYING
Apr 10, 2023 7:17:43 PM com.mavrck.gridbot.server.BotSession getCurrentPrice
INFO: [getCurrentPrice] [CURRENT PRICE] ₹24,46,088
Apr 10, 2023 7:17:43 PM com.mavrck.gridbot.server.BotSession getCurrentPrice
INFO: [getCurrentPrice] [CURRENT PRICE] [REMOVED UNWANTED CHAR]2446088
Apr 10, 2023 7:17:43 PM com.mavrck.gridbot.server.BotRoom handleBotSession
INFO: STAYING
Apr 10, 2023 7:17:48 PM com.mavrck.gridbot.server.BotSession getCurrentPrice
INFO: [getCurrentPrice] [CURRENT PRICE] ₹24,45,778
Apr 10, 2023 7:17:48 PM com.mavrck.gridbot.server.BotSession getCurrentPrice
INFO: [getCurrentPrice] [CURRENT PRICE] [REMOVED UNWANTED CHAR]2445778
HIGHERVALUE --> 2456088
LOWERVALUE --> 2436088
Apr 10, 2023 7:17:48 PM com.mavrck.gridbot.server.BotRoom handleBotSession
INFO: STAYING
Apr 10, 2023 7:17:48 PM com.mavrck.gridbot.server.BotRoom handleBotSession
INFO: INSIDE LOOP
Apr 10, 2023 7:17:53 PM com.mavrck.gridbot.server.BotSession getCurrentPrice
INFO: [getCurrentPrice] [CURRENT PRICE] ₹24,45,778
Apr 10, 2023 7:17:53 PM com.mavrck.gridbot.server.BotSession getCurrentPrice
INFO: [getCurrentPrice] [CURRENT PRICE] [REMOVED UNWANTED CHAR]2445778
HIGHERVALUE --> 2456088
LOWERVALUE --> 2436088
Apr 10, 2023 7:17:53 PM com.mavrck.gridbot.server.BotRoom handleBotSession
INFO: STAYING
Apr 10, 2023 7:17:53 PM com.mavrck.gridbot.server.BotRoom handleBotSession
INFO: INSIDE LOOP
Apr 10, 2023 7:17:58 PM com.mavrck.gridbot.server.BotSession getCurrentPrice
INFO: [getCurrentPrice] [CURRENT PRICE] ₹24,45,778
Apr 10, 2023 7:17:58 PM com.mavrck.gridbot.server.BotSession getCurrentPrice
INFO: [getCurrentPrice] [CURRENT PRICE] [REMOVED UNWANTED CHAR]2445778
HIGHERVALUE --> 2456088
LOWERVALUE --> 2436088
Apr 10, 2023 7:17:58 PM com.mavrck.gridbot.server.BotRoom handleBotSession
INFO: STAYING
Apr 10, 2023 7:17:58 PM com.mavrck.gridbot.server.BotRoom handleBotSession
INFO: INSIDE LOOP
Apr 10, 2023 7:18:03 PM com.mavrck.gridbot.server.BotSession getCurrentPrice
INFO: [getCurrentPrice] [CURRENT PRICE] ₹24,45,778
Apr 10, 2023 7:18:03 PM com.mavrck.gridbot.server.BotSession getCurrentPrice
INFO: [getCurrentPrice] [CURRENT PRICE] [REMOVED UNWANTED CHAR]2445778
HIGHERVALUE --> 2456088
LOWERVALUE --> 2436088
Apr 10, 2023 7:18:03 PM com.mavrck.gridbot.server.BotRoom handleBotSession
INFO: STAYING
Apr 10, 2023 7:18:03 PM com.mavrck.gridbot.server.BotRoom handleBotSession
INFO: INSIDE LOOP
Apr 10, 2023 7:18:08 PM com.mavrck.gridbot.server.BotSession getCurrentPrice
INFO: [getCurrentPrice] [CURRENT PRICE] ₹24,45,778
Apr 10, 2023 7:18:08 PM com.mavrck.gridbot.server.BotSession getCurrentPrice
INFO: [getCurrentPrice] [CURRENT PRICE] [REMOVED UNWANTED CHAR]2445778
HIGHERVALUE --> 2456088
LOWERVALUE --> 2436088
Apr 10, 2023 7:18:08 PM com.mavrck.gridbot.server.BotRoom handleBotSession
INFO: STAYING
Apr 10, 2023 7:18:08 PM com.mavrck.gridbot.server.BotRoom handleBotSession
INFO: INSIDE LOOP
Apr 10, 2023 7:18:13 PM com.mavrck.gridbot.server.BotSession getCurrentPrice
INFO: [getCurrentPrice] [CURRENT PRICE] ₹24,45,778
Apr 10, 2023 7:18:13 PM com.mavrck.gridbot.server.BotSession getCurrentPrice
INFO: [getCurrentPrice] [CURRENT PRICE] [REMOVED UNWANTED CHAR]2445778
HIGHERVALUE --> 2456088
LOWERVALUE --> 2436088
Apr 10, 2023 7:18:13 PM com.mavrck.gridbot.server.BotRoom handleBotSession
INFO: STAYING
Apr 10, 2023 7:18:13 PM com.mavrck.gridbot.server.BotRoom handleBotSession
INFO: INSIDE LOOP
Apr 10, 2023 7:18:18 PM com.mavrck.gridbot.server.BotSession getCurrentPrice
INFO: [getCurrentPrice] [CURRENT PRICE] ₹24,45,778
Apr 10, 2023 7:18:18 PM com.mavrck.gridbot.server.BotSession getCurrentPrice
INFO: [getCurrentPrice] [CURRENT PRICE] [REMOVED UNWANTED CHAR]2445778
HIGHERVALUE --> 2456088
LOWERVALUE --> 2436088
Apr 10, 2023 7:18:18 PM com.mavrck.gridbot.server.BotRoom handleBotSession
INFO: STAYING
Apr 10, 2023 7:18:18 PM com.mavrck.gridbot.server.BotRoom handleBotSession
INFO: INSIDE LOOP
Apr 10, 2023 7:18:23 PM com.mavrck.gridbot.server.BotSession getCurrentPrice
INFO: [getCurrentPrice] [CURRENT PRICE] ₹24,45,778
Apr 10, 2023 7:18:23 PM com.mavrck.gridbot.server.BotSession getCurrentPrice
INFO: [getCurrentPrice] [CURRENT PRICE] [REMOVED UNWANTED CHAR]2445778
HIGHERVALUE --> 2456088
LOWERVALUE --> 2436088
Apr 10, 2023 7:18:23 PM com.mavrck.gridbot.server.BotRoom handleBotSession
INFO: STAYING
Apr 10, 2023 7:18:23 PM com.mavrck.gridbot.server.BotRoom handleBotSession
INFO: INSIDE LOOP
Apr 10, 2023 7:18:28 PM com.mavrck.gridbot.server.BotSession getCurrentPrice
INFO: [getCurrentPrice] [CURRENT PRICE] ₹24,45,778
Apr 10, 2023 7:18:28 PM com.mavrck.gridbot.server.BotSession getCurrentPrice
INFO: [getCurrentPrice] [CURRENT PRICE] [REMOVED UNWANTED CHAR]2445778
HIGHERVALUE --> 2456088
LOWERVALUE --> 2436088
Apr 10, 2023 7:18:28 PM com.mavrck.gridbot.server.BotRoom handleBotSession
INFO: STAYING
Apr 10, 2023 7:18:28 PM com.mavrck.gridbot.server.BotRoom handleBotSession
INFO: INSIDE LOOP
Apr 10, 2023 7:18:33 PM com.mavrck.gridbot.server.BotSession getCurrentPrice
INFO: [getCurrentPrice] [CURRENT PRICE] ₹24,45,778
Apr 10, 2023 7:18:33 PM com.mavrck.gridbot.server.BotSession getCurrentPrice
INFO: [getCurrentPrice] [CURRENT PRICE] [REMOVED UNWANTED CHAR]2445778
HIGHERVALUE --> 2456088
LOWERVALUE --> 2436088
Apr 10, 2023 7:18:33 PM com.mavrck.gridbot.server.BotRoom handleBotSession
INFO: STAYING
Apr 10, 2023 7:18:33 PM com.mavrck.gridbot.server.BotRoom handleBotSession
INFO: INSIDE LOOP
Apr 10, 2023 7:18:38 PM com.mavrck.gridbot.server.BotSession getCurrentPrice
INFO: [getCurrentPrice] [CURRENT PRICE] ₹24,45,778
Apr 10, 2023 7:18:38 PM com.mavrck.gridbot.server.BotSession getCurrentPrice
INFO: [getCurrentPrice] [CURRENT PRICE] [REMOVED UNWANTED CHAR]2445778
HIGHERVALUE --> 2456088
LOWERVALUE --> 2436088
Apr 10, 2023 7:18:38 PM com.mavrck.gridbot.server.BotRoom handleBotSession
INFO: STAYING
Apr 10, 2023 7:18:38 PM com.mavrck.gridbot.server.BotRoom handleBotSession
INFO: INSIDE LOOP
Apr 10, 2023 7:18:43 PM com.mavrck.gridbot.server.BotSession getCurrentPrice
INFO: [getCurrentPrice] [CURRENT PRICE] ₹24,45,778
Apr 10, 2023 7:18:43 PM com.mavrck.gridbot.server.BotSession getCurrentPrice
INFO: [getCurrentPrice] [CURRENT PRICE] [REMOVED UNWANTED CHAR]2445778
HIGHERVALUE --> 2456088
LOWERVALUE --> 2436088
Apr 10, 2023 7:18:43 PM com.mavrck.gridbot.server.BotRoom handleBotSession
INFO: STAYING
Apr 10, 2023 7:18:43 PM com.mavrck.gridbot.server.BotRoom handleBotSession
INFO: INSIDE LOOP
Apr 10, 2023 7:18:48 PM com.mavrck.gridbot.server.BotSession getCurrentPrice
INFO: [getCurrentPrice] [CURRENT PRICE] ₹24,45,778
Apr 10, 2023 7:18:48 PM com.mavrck.gridbot.server.BotSession getCurrentPrice
INFO: [getCurrentPrice] [CURRENT PRICE] [REMOVED UNWANTED CHAR]2445778
HIGHERVALUE --> 2456088
LOWERVALUE --> 2436088
Apr 10, 2023 7:18:48 PM com.mavrck.gridbot.server.BotRoom handleBotSession
INFO: STAYING
Apr 10, 2023 7:18:48 PM com.mavrck.gridbot.server.BotRoom handleBotSession
INFO: INSIDE LOOP
Apr 10, 2023 7:18:53 PM com.mavrck.gridbot.server.BotSession getCurrentPrice
INFO: [getCurrentPrice] [CURRENT PRICE] ₹24,45,778
Apr 10, 2023 7:18:53 PM com.mavrck.gridbot.server.BotSession getCurrentPrice
INFO: [getCurrentPrice] [CURRENT PRICE] [REMOVED UNWANTED CHAR]2445778
HIGHERVALUE --> 2456088
LOWERVALUE --> 2436088
Apr 10, 2023 7:18:53 PM com.mavrck.gridbot.server.BotRoom handleBotSession
INFO: STAYING
Apr 10, 2023 7:18:53 PM com.mavrck.gridbot.server.BotRoom handleBotSession
INFO: INSIDE LOOP
Apr 10, 2023 7:18:58 PM com.mavrck.gridbot.server.BotSession getCurrentPrice
INFO: [getCurrentPrice] [CURRENT PRICE] ₹24,45,778
Apr 10, 2023 7:18:58 PM com.mavrck.gridbot.server.BotSession getCurrentPrice
INFO: [getCurrentPrice] [CURRENT PRICE] [REMOVED UNWANTED CHAR]2445778
HIGHERVALUE --> 2456088
LOWERVALUE --> 2436088
Apr 10, 2023 7:18:58 PM com.mavrck.gridbot.server.BotRoom handleBotSession
INFO: STAYING
Apr 10, 2023 7:18:58 PM com.mavrck.gridbot.server.BotRoom handleBotSession
INFO: INSIDE LOOP
Apr 10, 2023 7:19:03 PM com.mavrck.gridbot.server.BotSession getCurrentPrice
INFO: [getCurrentPrice] [CURRENT PRICE] ₹24,45,778
Apr 10, 2023 7:19:03 PM com.mavrck.gridbot.server.BotSession getCurrentPrice
INFO: [getCurrentPrice] [CURRENT PRICE] [REMOVED UNWANTED CHAR]2445778
HIGHERVALUE --> 2456088
LOWERVALUE --> 2436088
Apr 10, 2023 7:19:03 PM com.mavrck.gridbot.server.BotRoom handleBotSession
INFO: STAYING
Apr 10, 2023 7:19:03 PM com.mavrck.gridbot.server.BotRoom handleBotSession
INFO: INSIDE LOOP
Apr 10, 2023 7:19:08 PM com.mavrck.gridbot.server.BotSession getCurrentPrice
INFO: [getCurrentPrice] [CURRENT PRICE] ₹24,45,778
Apr 10, 2023 7:19:08 PM com.mavrck.gridbot.server.BotSession getCurrentPrice
INFO: [getCurrentPrice] [CURRENT PRICE] [REMOVED UNWANTED CHAR]2445778
HIGHERVALUE --> 2456088
LOWERVALUE --> 2436088
Apr 10, 2023 7:19:08 PM com.mavrck.gridbot.server.BotRoom handleBotSession
INFO: STAYING
Apr 10, 2023 7:19:08 PM com.mavrck.gridbot.server.BotRoom handleBotSession
INFO: INSIDE LOOP
Apr 10, 2023 7:19:13 PM com.mavrck.gridbot.server.BotSession getCurrentPrice
INFO: [getCurrentPrice] [CURRENT PRICE] ₹24,45,778
Apr 10, 2023 7:19:13 PM com.mavrck.gridbot.server.BotSession getCurrentPrice
INFO: [getCurrentPrice] [CURRENT PRICE] [REMOVED UNWANTED CHAR]2445778
HIGHERVALUE --> 2456088
LOWERVALUE --> 2436088
Apr 10, 2023 7:19:13 PM com.mavrck.gridbot.server.BotRoom handleBotSession
INFO: STAYING
Apr 10, 2023 7:19:13 PM com.mavrck.gridbot.server.BotRoom handleBotSession
INFO: INSIDE LOOP
Apr 10, 2023 7:19:18 PM com.mavrck.gridbot.server.BotSession getCurrentPrice
INFO: [getCurrentPrice] [CURRENT PRICE] ₹24,45,778
Apr 10, 2023 7:19:18 PM com.mavrck.gridbot.server.BotSession getCurrentPrice
INFO: [getCurrentPrice] [CURRENT PRICE] [REMOVED UNWANTED CHAR]2445778
HIGHERVALUE --> 2456088
LOWERVALUE --> 2436088
Apr 10, 2023 7:19:18 PM com.mavrck.gridbot.server.BotRoom handleBotSession
INFO: STAYING
Apr 10, 2023 7:19:18 PM com.mavrck.gridbot.server.BotRoom handleBotSession
INFO: INSIDE LOOP
Apr 10, 2023 7:19:23 PM com.mavrck.gridbot.server.BotSession getCurrentPrice
INFO: [getCurrentPrice] [CURRENT PRICE] ₹24,45,778
Apr 10, 2023 7:19:23 PM com.mavrck.gridbot.server.BotSession getCurrentPrice
INFO: [getCurrentPrice] [CURRENT PRICE] [REMOVED UNWANTED CHAR]2445778
HIGHERVALUE --> 2456088
LOWERVALUE --> 2436088
Apr 10, 2023 7:19:23 PM com.mavrck.gridbot.server.BotRoom handleBotSession
INFO: STAYING
Apr 10, 2023 7:19:23 PM com.mavrck.gridbot.server.BotRoom handleBotSession
INFO: INSIDE LOOP
Apr 10, 2023 7:19:28 PM com.mavrck.gridbot.server.BotSession getCurrentPrice
INFO: [getCurrentPrice] [CURRENT PRICE] ₹24,45,778
Apr 10, 2023 7:19:28 PM com.mavrck.gridbot.server.BotSession getCurrentPrice
INFO: [getCurrentPrice] [CURRENT PRICE] [REMOVED UNWANTED CHAR]2445778
HIGHERVALUE --> 2456088
LOWERVALUE --> 2436088
Apr 10, 2023 7:19:28 PM com.mavrck.gridbot.server.BotRoom handleBotSession
INFO: STAYING
Apr 10, 2023 7:19:28 PM com.mavrck.gridbot.server.BotRoom handleBotSession
INFO: INSIDE LOOP
Apr 10, 2023 7:19:33 PM com.mavrck.gridbot.server.BotSession getCurrentPrice
INFO: [getCurrentPrice] [CURRENT PRICE] ₹24,45,778
Apr 10, 2023 7:19:33 PM com.mavrck.gridbot.server.BotSession getCurrentPrice
INFO: [getCurrentPrice] [CURRENT PRICE] [REMOVED UNWANTED CHAR]2445778
HIGHERVALUE --> 2456088
LOWERVALUE --> 2436088
Apr 10, 2023 7:19:33 PM com.mavrck.gridbot.server.BotRoom handleBotSession
INFO: STAYING
Apr 10, 2023 7:19:33 PM com.mavrck.gridbot.server.BotRoom handleBotSession
INFO: INSIDE LOOP
Apr 10, 2023 7:19:38 PM com.mavrck.gridbot.server.BotSession getCurrentPrice
INFO: [getCurrentPrice] [CURRENT PRICE] ₹24,45,778
Apr 10, 2023 7:19:38 PM com.mavrck.gridbot.server.BotSession getCurrentPrice
INFO: [getCurrentPrice] [CURRENT PRICE] [REMOVED UNWANTED CHAR]2445778
HIGHERVALUE --> 2456088
LOWERVALUE --> 2436088
Apr 10, 2023 7:19:38 PM com.mavrck.gridbot.server.BotRoom handleBotSession
INFO: STAYING
Apr 10, 2023 7:19:38 PM com.mavrck.gridbot.server.BotRoom handleBotSession
INFO: INSIDE LOOP
Apr 10, 2023 7:19:43 PM com.mavrck.gridbot.server.BotSession getCurrentPrice
INFO: [getCurrentPrice] [CURRENT PRICE] ₹24,45,778
Apr 10, 2023 7:19:43 PM com.mavrck.gridbot.server.BotSession getCurrentPrice
INFO: [getCurrentPrice] [CURRENT PRICE] [REMOVED UNWANTED CHAR]2445778
HIGHERVALUE --> 2456088
LOWERVALUE --> 2436088
Apr 10, 2023 7:19:43 PM com.mavrck.gridbot.server.BotRoom handleBotSession
INFO: STAYING
Apr 10, 2023 7:19:43 PM com.mavrck.gridbot.server.BotRoom handleBotSession
INFO: INSIDE LOOP
Apr 10, 2023 7:19:48 PM com.mavrck.gridbot.server.BotSession getCurrentPrice
INFO: [getCurrentPrice] [CURRENT PRICE] ₹24,45,778
Apr 10, 2023 7:19:48 PM com.mavrck.gridbot.server.BotSession getCurrentPrice
INFO: [getCurrentPrice] [CURRENT PRICE] [REMOVED UNWANTED CHAR]2445778
HIGHERVALUE --> 2456088
LOWERVALUE --> 2436088
Apr 10, 2023 7:19:48 PM com.mavrck.gridbot.server.BotRoom handleBotSession
INFO: STAYING
Apr 10, 2023 7:19:48 PM com.mavrck.gridbot.server.BotRoom handleBotSession
INFO: INSIDE LOOP
Apr 10, 2023 7:19:53 PM com.mavrck.gridbot.server.BotSession getCurrentPrice
INFO: [getCurrentPrice] [CURRENT PRICE] ₹24,45,778
Apr 10, 2023 7:19:53 PM com.mavrck.gridbot.server.BotSession getCurrentPrice
INFO: [getCurrentPrice] [CURRENT PRICE] [REMOVED UNWANTED CHAR]2445778
HIGHERVALUE --> 2456088
LOWERVALUE --> 2436088
Apr 10, 2023 7:19:53 PM com.mavrck.gridbot.server.BotRoom handleBotSession
INFO: STAYING
Apr 10, 2023 7:19:53 PM com.mavrck.gridbot.server.BotRoom handleBotSession
INFO: INSIDE LOOP
Apr 10, 2023 7:19:58 PM com.mavrck.gridbot.server.BotSession getCurrentPrice
INFO: [getCurrentPrice] [CURRENT PRICE] ₹24,45,778
Apr 10, 2023 7:19:58 PM com.mavrck.gridbot.server.BotSession getCurrentPrice
INFO: [getCurrentPrice] [CURRENT PRICE] [REMOVED UNWANTED CHAR]2445778
HIGHERVALUE --> 2456088
LOWERVALUE --> 2436088
Apr 10, 2023 7:19:58 PM com.mavrck.gridbot.server.BotRoom handleBotSession
INFO: STAYING
Apr 10, 2023 7:19:58 PM com.mavrck.gridbot.server.BotRoom handleBotSession
INFO: INSIDE LOOP
Apr 10, 2023 7:20:03 PM com.mavrck.gridbot.server.BotSession getCurrentPrice
INFO: [getCurrentPrice] [CURRENT PRICE] ₹24,45,778
Apr 10, 2023 7:20:03 PM com.mavrck.gridbot.server.BotSession getCurrentPrice
INFO: [getCurrentPrice] [CURRENT PRICE] [REMOVED UNWANTED CHAR]2445778
HIGHERVALUE --> 2456088
LOWERVALUE --> 2436088
Apr 10, 2023 7:20:03 PM com.mavrck.gridbot.server.BotRoom handleBotSession
INFO: STAYING
Apr 10, 2023 7:20:03 PM com.mavrck.gridbot.server.BotRoom handleBotSession
INFO: INSIDE LOOP
Apr 10, 2023 7:20:08 PM com.mavrck.gridbot.server.BotSession getCurrentPrice
INFO: [getCurrentPrice] [CURRENT PRICE] ₹24,45,778
Apr 10, 2023 7:20:08 PM com.mavrck.gridbot.server.BotSession getCurrentPrice
INFO: [getCurrentPrice] [CURRENT PRICE] [REMOVED UNWANTED CHAR]2445778
HIGHERVALUE --> 2456088
LOWERVALUE --> 2436088
Apr 10, 2023 7:20:08 PM com.mavrck.gridbot.server.BotRoom handleBotSession
INFO: STAYING
Apr 10, 2023 7:20:08 PM com.mavrck.gridbot.server.BotRoom handleBotSession
INFO: INSIDE LOOP
Apr 10, 2023 7:20:13 PM com.mavrck.gridbot.server.BotSession getCurrentPrice
INFO: [getCurrentPrice] [CURRENT PRICE] ₹24,45,778
Apr 10, 2023 7:20:13 PM com.mavrck.gridbot.server.BotSession getCurrentPrice
INFO: [getCurrentPrice] [CURRENT PRICE] [REMOVED UNWANTED CHAR]2445778
HIGHERVALUE --> 2456088
LOWERVALUE --> 2436088
Apr 10, 2023 7:20:13 PM com.mavrck.gridbot.server.BotRoom handleBotSession
INFO: STAYING
Apr 10, 2023 7:20:13 PM com.mavrck.gridbot.server.BotRoom handleBotSession
INFO: INSIDE LOOP
Apr 10, 2023 7:20:18 PM com.mavrck.gridbot.server.BotSession getCurrentPrice
INFO: [getCurrentPrice] [CURRENT PRICE] ₹24,45,778
Apr 10, 2023 7:20:18 PM com.mavrck.gridbot.server.BotSession getCurrentPrice
INFO: [getCurrentPrice] [CURRENT PRICE] [REMOVED UNWANTED CHAR]2445778
HIGHERVALUE --> 2456088
LOWERVALUE --> 2436088
Apr 10, 2023 7:20:18 PM com.mavrck.gridbot.server.BotRoom handleBotSession
INFO: STAYING
Apr 10, 2023 7:20:18 PM com.mavrck.gridbot.server.BotRoom handleBotSession
INFO: INSIDE LOOP
Apr 10, 2023 7:20:24 PM com.mavrck.gridbot.server.BotSession getCurrentPrice
INFO: [getCurrentPrice] [CURRENT PRICE] ₹24,45,778
Apr 10, 2023 7:20:24 PM com.mavrck.gridbot.server.BotSession getCurrentPrice
INFO: [getCurrentPrice] [CURRENT PRICE] [REMOVED UNWANTED CHAR]2445778
HIGHERVALUE --> 2456088
LOWERVALUE --> 2436088
Apr 10, 2023 7:20:24 PM com.mavrck.gridbot.server.BotRoom handleBotSession
INFO: STAYING
Apr 10, 2023 7:20:24 PM com.mavrck.gridbot.server.BotRoom handleBotSession
INFO: INSIDE LOOP
Apr 10, 2023 7:20:29 PM com.mavrck.gridbot.server.BotSession getCurrentPrice
INFO: [getCurrentPrice] [CURRENT PRICE] ₹24,45,778
Apr 10, 2023 7:20:29 PM com.mavrck.gridbot.server.BotSession getCurrentPrice
INFO: [getCurrentPrice] [CURRENT PRICE] [REMOVED UNWANTED CHAR]2445778
HIGHERVALUE --> 2456088
LOWERVALUE --> 2436088
Apr 10, 2023 7:20:29 PM com.mavrck.gridbot.server.BotRoom handleBotSession
INFO: STAYING
Apr 10, 2023 7:20:29 PM com.mavrck.gridbot.server.BotRoom handleBotSession
INFO: INSIDE LOOP
Apr 10, 2023 7:20:34 PM com.mavrck.gridbot.server.BotSession getCurrentPrice
INFO: [getCurrentPrice] [CURRENT PRICE] ₹24,45,778
Apr 10, 2023 7:20:34 PM com.mavrck.gridbot.server.BotSession getCurrentPrice
INFO: [getCurrentPrice] [CURRENT PRICE] [REMOVED UNWANTED CHAR]2445778
HIGHERVALUE --> 2456088
LOWERVALUE --> 2436088
Apr 10, 2023 7:20:34 PM com.mavrck.gridbot.server.BotRoom handleBotSession
INFO: STAYING
Apr 10, 2023 7:20:34 PM com.mavrck.gridbot.server.BotRoom handleBotSession
INFO: INSIDE LOOP
Apr 10, 2023 7:20:39 PM com.mavrck.gridbot.server.BotSession getCurrentPrice
INFO: [getCurrentPrice] [CURRENT PRICE] ₹24,45,778
Apr 10, 2023 7:20:39 PM com.mavrck.gridbot.server.BotSession getCurrentPrice
INFO: [getCurrentPrice] [CURRENT PRICE] [REMOVED UNWANTED CHAR]2445778
HIGHERVALUE --> 2456088
LOWERVALUE --> 2436088
Apr 10, 2023 7:20:39 PM com.mavrck.gridbot.server.BotRoom handleBotSession
INFO: STAYING
Apr 10, 2023 7:20:39 PM com.mavrck.gridbot.server.BotRoom handleBotSession
INFO: INSIDE LOOP
Apr 10, 2023 7:20:44 PM com.mavrck.gridbot.server.BotSession getCurrentPrice
INFO: [getCurrentPrice] [CURRENT PRICE] ₹24,45,778
Apr 10, 2023 7:20:44 PM com.mavrck.gridbot.server.BotSession getCurrentPrice
INFO: [getCurrentPrice] [CURRENT PRICE] [REMOVED UNWANTED CHAR]2445778
HIGHERVALUE --> 2456088
LOWERVALUE --> 2436088
Apr 10, 2023 7:20:44 PM com.mavrck.gridbot.server.BotRoom handleBotSession
INFO: STAYING
Apr 10, 2023 7:20:44 PM com.mavrck.gridbot.server.BotRoom handleBotSession
INFO: INSIDE LOOP
Apr 10, 2023 7:20:49 PM com.mavrck.gridbot.server.BotSession getCurrentPrice
INFO: [getCurrentPrice] [CURRENT PRICE] ₹24,45,778
Apr 10, 2023 7:20:49 PM com.mavrck.gridbot.server.BotSession getCurrentPrice
INFO: [getCurrentPrice] [CURRENT PRICE] [REMOVED UNWANTED CHAR]2445778
HIGHERVALUE --> 2456088
LOWERVALUE --> 2436088
Apr 10, 2023 7:20:49 PM com.mavrck.gridbot.server.BotRoom handleBotSession
INFO: STAYING
Apr 10, 2023 7:20:49 PM com.mavrck.gridbot.server.BotRoom handleBotSession
INFO: INSIDE LOOP
Apr 10, 2023 7:20:54 PM com.mavrck.gridbot.server.BotSession getCurrentPrice
INFO: [getCurrentPrice] [CURRENT PRICE] ₹24,45,778
Apr 10, 2023 7:20:54 PM com.mavrck.gridbot.server.BotSession getCurrentPrice
INFO: [getCurrentPrice] [CURRENT PRICE] [REMOVED UNWANTED CHAR]2445778
HIGHERVALUE --> 2456088
LOWERVALUE --> 2436088
Apr 10, 2023 7:20:54 PM com.mavrck.gridbot.server.BotRoom handleBotSession
INFO: STAYING
Apr 10, 2023 7:20:54 PM com.mavrck.gridbot.server.BotRoom handleBotSession
INFO: INSIDE LOOP
Apr 10, 2023 7:20:59 PM com.mavrck.gridbot.server.BotSession getCurrentPrice
INFO: [getCurrentPrice] [CURRENT PRICE] ₹24,45,778
Apr 10, 2023 7:20:59 PM com.mavrck.gridbot.server.BotSession getCurrentPrice
INFO: [getCurrentPrice] [CURRENT PRICE] [REMOVED UNWANTED CHAR]2445778
HIGHERVALUE --> 2456088
LOWERVALUE --> 2436088
Apr 10, 2023 7:20:59 PM com.mavrck.gridbot.server.BotRoom handleBotSession
INFO: STAYING
Apr 10, 2023 7:20:59 PM com.mavrck.gridbot.server.BotRoom handleBotSession
INFO: INSIDE LOOP
Apr 10, 2023 7:21:04 PM com.mavrck.gridbot.server.BotSession getCurrentPrice
INFO: [getCurrentPrice] [CURRENT PRICE] ₹24,45,778
Apr 10, 2023 7:21:04 PM com.mavrck.gridbot.server.BotSession getCurrentPrice
INFO: [getCurrentPrice] [CURRENT PRICE] [REMOVED UNWANTED CHAR]2445778
HIGHERVALUE --> 2456088
LOWERVALUE --> 2436088
Apr 10, 2023 7:21:04 PM com.mavrck.gridbot.server.BotRoom handleBotSession
INFO: STAYING
Apr 10, 2023 7:21:04 PM com.mavrck.gridbot.server.BotRoom handleBotSession
INFO: INSIDE LOOP
Apr 10, 2023 7:21:09 PM com.mavrck.gridbot.server.BotSession getCurrentPrice
INFO: [getCurrentPrice] [CURRENT PRICE] ₹24,45,778
Apr 10, 2023 7:21:09 PM com.mavrck.gridbot.server.BotSession getCurrentPrice
INFO: [getCurrentPrice] [CURRENT PRICE] [REMOVED UNWANTED CHAR]2445778
HIGHERVALUE --> 2456088
LOWERVALUE --> 2436088
Apr 10, 2023 7:21:09 PM com.mavrck.gridbot.server.BotRoom handleBotSession
INFO: STAYING
Apr 10, 2023 7:21:09 PM com.mavrck.gridbot.server.BotRoom handleBotSession
INFO: INSIDE LOOP
Apr 10, 2023 7:21:14 PM com.mavrck.gridbot.server.BotSession getCurrentPrice
INFO: [getCurrentPrice] [CURRENT PRICE] ₹24,45,778
Apr 10, 2023 7:21:14 PM com.mavrck.gridbot.server.BotSession getCurrentPrice
INFO: [getCurrentPrice] [CURRENT PRICE] [REMOVED UNWANTED CHAR]2445778
HIGHERVALUE --> 2456088
LOWERVALUE --> 2436088
Apr 10, 2023 7:21:14 PM com.mavrck.gridbot.server.BotRoom handleBotSession
INFO: STAYING
Apr 10, 2023 7:21:14 PM com.mavrck.gridbot.server.BotRoom handleBotSession
INFO: INSIDE LOOP
Apr 10, 2023 7:21:19 PM com.mavrck.gridbot.server.BotSession getCurrentPrice
INFO: [getCurrentPrice] [CURRENT PRICE] ₹24,45,778
Apr 10, 2023 7:21:19 PM com.mavrck.gridbot.server.BotSession getCurrentPrice
INFO: [getCurrentPrice] [CURRENT PRICE] [REMOVED UNWANTED CHAR]2445778
HIGHERVALUE --> 2456088
LOWERVALUE --> 2436088
Apr 10, 2023 7:21:19 PM com.mavrck.gridbot.server.BotRoom handleBotSession
INFO: STAYING
Apr 10, 2023 7:21:19 PM com.mavrck.gridbot.server.BotRoom handleBotSession
INFO: INSIDE LOOP
Apr 10, 2023 7:21:24 PM com.mavrck.gridbot.server.BotSession getCurrentPrice
INFO: [getCurrentPrice] [CURRENT PRICE] ₹24,45,778
Apr 10, 2023 7:21:24 PM com.mavrck.gridbot.server.BotSession getCurrentPrice
INFO: [getCurrentPrice] [CURRENT PRICE] [REMOVED UNWANTED CHAR]2445778
HIGHERVALUE --> 2456088
LOWERVALUE --> 2436088
Apr 10, 2023 7:21:24 PM com.mavrck.gridbot.server.BotRoom handleBotSession
INFO: STAYING
Apr 10, 2023 7:21:24 PM com.mavrck.gridbot.server.BotRoom handleBotSession
INFO: INSIDE LOOP
Apr 10, 2023 7:21:29 PM com.mavrck.gridbot.server.BotSession getCurrentPrice
INFO: [getCurrentPrice] [CURRENT PRICE] ₹24,45,778
Apr 10, 2023 7:21:29 PM com.mavrck.gridbot.server.BotSession getCurrentPrice
INFO: [getCurrentPrice] [CURRENT PRICE] [REMOVED UNWANTED CHAR]2445778
HIGHERVALUE --> 2456088
LOWERVALUE --> 2436088
Apr 10, 2023 7:21:29 PM com.mavrck.gridbot.server.BotRoom handleBotSession
INFO: STAYING
Apr 10, 2023 7:21:29 PM com.mavrck.gridbot.server.BotRoom handleBotSession
INFO: INSIDE LOOP
Apr 10, 2023 7:21:34 PM com.mavrck.gridbot.server.BotSession getCurrentPrice
INFO: [getCurrentPrice] [CURRENT PRICE] ₹24,45,778
Apr 10, 2023 7:21:34 PM com.mavrck.gridbot.server.BotSession getCurrentPrice
INFO: [getCurrentPrice] [CURRENT PRICE] [REMOVED UNWANTED CHAR]2445778
HIGHERVALUE --> 2456088
LOWERVALUE --> 2436088
Apr 10, 2023 7:21:34 PM com.mavrck.gridbot.server.BotRoom handleBotSession
INFO: STAYING
Apr 10, 2023 7:21:34 PM com.mavrck.gridbot.server.BotRoom handleBotSession
INFO: INSIDE LOOP
Apr 10, 2023 7:21:39 PM com.mavrck.gridbot.server.BotSession getCurrentPrice
INFO: [getCurrentPrice] [CURRENT PRICE] ₹24,45,778
Apr 10, 2023 7:21:39 PM com.mavrck.gridbot.server.BotSession getCurrentPrice
INFO: [getCurrentPrice] [CURRENT PRICE] [REMOVED UNWANTED CHAR]2445778
HIGHERVALUE --> 2456088
LOWERVALUE --> 2436088
Apr 10, 2023 7:21:39 PM com.mavrck.gridbot.server.BotRoom handleBotSession
INFO: STAYING
Apr 10, 2023 7:21:39 PM com.mavrck.gridbot.server.BotRoom handleBotSession
INFO: INSIDE LOOP
Apr 10, 2023 7:21:44 PM com.mavrck.gridbot.server.BotSession getCurrentPrice
INFO: [getCurrentPrice] [CURRENT PRICE] ₹24,45,778
Apr 10, 2023 7:21:44 PM com.mavrck.gridbot.server.BotSession getCurrentPrice
INFO: [getCurrentPrice] [CURRENT PRICE] [REMOVED UNWANTED CHAR]2445778
HIGHERVALUE --> 2456088
LOWERVALUE --> 2436088
Apr 10, 2023 7:21:44 PM com.mavrck.gridbot.server.BotRoom handleBotSession
INFO: STAYING
Apr 10, 2023 7:21:44 PM com.mavrck.gridbot.server.BotRoom handleBotSession
INFO: INSIDE LOOP
Apr 10, 2023 7:21:49 PM com.mavrck.gridbot.server.BotSession getCurrentPrice
INFO: [getCurrentPrice] [CURRENT PRICE] ₹24,45,778
Apr 10, 2023 7:21:49 PM com.mavrck.gridbot.server.BotSession getCurrentPrice
INFO: [getCurrentPrice] [CURRENT PRICE] [REMOVED UNWANTED CHAR]2445778
HIGHERVALUE --> 2456088
LOWERVALUE --> 2436088
Apr 10, 2023 7:21:49 PM com.mavrck.gridbot.server.BotRoom handleBotSession
INFO: STAYING
Apr 10, 2023 7:21:49 PM com.mavrck.gridbot.server.BotRoom handleBotSession
INFO: INSIDE LOOP
Apr 10, 2023 7:21:54 PM com.mavrck.gridbot.server.BotSession getCurrentPrice
INFO: [getCurrentPrice] [CURRENT PRICE] ₹24,45,778
Apr 10, 2023 7:21:54 PM com.mavrck.gridbot.server.BotSession getCurrentPrice
INFO: [getCurrentPrice] [CURRENT PRICE] [REMOVED UNWANTED CHAR]2445778
HIGHERVALUE --> 2456088
LOWERVALUE --> 2436088
Apr 10, 2023 7:21:54 PM com.mavrck.gridbot.server.BotRoom handleBotSession
INFO: STAYING
Apr 10, 2023 7:21:54 PM com.mavrck.gridbot.server.BotRoom handleBotSession
INFO: INSIDE LOOP
Apr 10, 2023 7:21:59 PM com.mavrck.gridbot.server.BotSession getCurrentPrice
INFO: [getCurrentPrice] [CURRENT PRICE] ₹24,45,778
Apr 10, 2023 7:21:59 PM com.mavrck.gridbot.server.BotSession getCurrentPrice
INFO: [getCurrentPrice] [CURRENT PRICE] [REMOVED UNWANTED CHAR]2445778
HIGHERVALUE --> 2456088
LOWERVALUE --> 2436088
Apr 10, 2023 7:21:59 PM com.mavrck.gridbot.server.BotRoom handleBotSession
INFO: STAYING
Apr 10, 2023 7:21:59 PM com.mavrck.gridbot.server.BotRoom handleBotSession
INFO: INSIDE LOOP
Apr 10, 2023 7:22:04 PM com.mavrck.gridbot.server.BotSession getCurrentPrice
INFO: [getCurrentPrice] [CURRENT PRICE] ₹24,45,778
Apr 10, 2023 7:22:04 PM com.mavrck.gridbot.server.BotSession getCurrentPrice
INFO: [getCurrentPrice] [CURRENT PRICE] [REMOVED UNWANTED CHAR]2445778
HIGHERVALUE --> 2456088
LOWERVALUE --> 2436088
Apr 10, 2023 7:22:04 PM com.mavrck.gridbot.server.BotRoom handleBotSession
INFO: STAYING
Apr 10, 2023 7:22:04 PM com.mavrck.gridbot.server.BotRoom handleBotSession
INFO: INSIDE LOOP
Apr 10, 2023 7:22:09 PM com.mavrck.gridbot.server.BotSession getCurrentPrice
INFO: [getCurrentPrice] [CURRENT PRICE] ₹24,45,778
Apr 10, 2023 7:22:09 PM com.mavrck.gridbot.server.BotSession getCurrentPrice
INFO: [getCurrentPrice] [CURRENT PRICE] [REMOVED UNWANTED CHAR]2445778
HIGHERVALUE --> 2456088
LOWERVALUE --> 2436088
Apr 10, 2023 7:22:09 PM com.mavrck.gridbot.server.BotRoom handleBotSession
INFO: STAYING
Apr 10, 2023 7:22:09 PM com.mavrck.gridbot.server.BotRoom handleBotSession
INFO: INSIDE LOOP
Apr 10, 2023 7:22:14 PM com.mavrck.gridbot.server.BotSession getCurrentPrice
INFO: [getCurrentPrice] [CURRENT PRICE] ₹24,45,778
Apr 10, 2023 7:22:14 PM com.mavrck.gridbot.server.BotSession getCurrentPrice
INFO: [getCurrentPrice] [CURRENT PRICE] [REMOVED UNWANTED CHAR]2445778
HIGHERVALUE --> 2456088
LOWERVALUE --> 2436088
Apr 10, 2023 7:22:14 PM com.mavrck.gridbot.server.BotRoom handleBotSession
INFO: STAYING
Apr 10, 2023 7:22:14 PM com.mavrck.gridbot.server.BotRoom handleBotSession
INFO: INSIDE LOOP
Apr 10, 2023 7:22:19 PM com.mavrck.gridbot.server.BotSession getCurrentPrice
INFO: [getCurrentPrice] [CURRENT PRICE] ₹24,45,778
Apr 10, 2023 7:22:19 PM com.mavrck.gridbot.server.BotSession getCurrentPrice
INFO: [getCurrentPrice] [CURRENT PRICE] [REMOVED UNWANTED CHAR]2445778
HIGHERVALUE --> 2456088
LOWERVALUE --> 2436088
Apr 10, 2023 7:22:19 PM com.mavrck.gridbot.server.BotRoom handleBotSession
INFO: STAYING
Apr 10, 2023 7:22:19 PM com.mavrck.gridbot.server.BotRoom handleBotSession
INFO: INSIDE LOOP
Apr 10, 2023 7:22:24 PM com.mavrck.gridbot.server.BotSession getCurrentPrice
INFO: [getCurrentPrice] [CURRENT PRICE] ₹24,45,778
Apr 10, 2023 7:22:24 PM com.mavrck.gridbot.server.BotSession getCurrentPrice
INFO: [getCurrentPrice] [CURRENT PRICE] [REMOVED UNWANTED CHAR]2445778
HIGHERVALUE --> 2456088
LOWERVALUE --> 2436088
Apr 10, 2023 7:22:24 PM com.mavrck.gridbot.server.BotRoom handleBotSession
INFO: STAYING
Apr 10, 2023 7:22:24 PM com.mavrck.gridbot.server.BotRoom handleBotSession
INFO: INSIDE LOOP
Apr 10, 2023 7:22:29 PM com.mavrck.gridbot.server.BotSession getCurrentPrice
INFO: [getCurrentPrice] [CURRENT PRICE] ₹24,45,778
Apr 10, 2023 7:22:29 PM com.mavrck.gridbot.server.BotSession getCurrentPrice
INFO: [getCurrentPrice] [CURRENT PRICE] [REMOVED UNWANTED CHAR]2445778
HIGHERVALUE --> 2456088
LOWERVALUE --> 2436088
Apr 10, 2023 7:22:29 PM com.mavrck.gridbot.server.BotRoom handleBotSession
INFO: STAYING
Apr 10, 2023 7:22:29 PM com.mavrck.gridbot.server.BotRoom handleBotSession
INFO: INSIDE LOOP
Apr 10, 2023 7:22:34 PM com.mavrck.gridbot.server.BotSession getCurrentPrice
INFO: [getCurrentPrice] [CURRENT PRICE] ₹24,45,778
Apr 10, 2023 7:22:34 PM com.mavrck.gridbot.server.BotSession getCurrentPrice
INFO: [getCurrentPrice] [CURRENT PRICE] [REMOVED UNWANTED CHAR]2445778
HIGHERVALUE --> 2456088
LOWERVALUE --> 2436088
Apr 10, 2023 7:22:34 PM com.mavrck.gridbot.server.BotRoom handleBotSession
INFO: STAYING
Apr 10, 2023 7:22:34 PM com.mavrck.gridbot.server.BotRoom handleBotSession
INFO: INSIDE LOOP
Apr 10, 2023 7:22:39 PM com.mavrck.gridbot.server.BotSession getCurrentPrice
INFO: [getCurrentPrice] [CURRENT PRICE] ₹24,45,778
Apr 10, 2023 7:22:39 PM com.mavrck.gridbot.server.BotSession getCurrentPrice
INFO: [getCurrentPrice] [CURRENT PRICE] [REMOVED UNWANTED CHAR]2445778
HIGHERVALUE --> 2456088
LOWERVALUE --> 2436088
Apr 10, 2023 7:22:39 PM com.mavrck.gridbot.server.BotRoom handleBotSession
INFO: STAYING
Apr 10, 2023 7:22:39 PM com.mavrck.gridbot.server.BotRoom handleBotSession
INFO: INSIDE LOOP
Apr 10, 2023 7:22:44 PM com.mavrck.gridbot.server.BotSession getCurrentPrice
INFO: [getCurrentPrice] [CURRENT PRICE] ₹24,45,778
Apr 10, 2023 7:22:44 PM com.mavrck.gridbot.server.BotSession getCurrentPrice
INFO: [getCurrentPrice] [CURRENT PRICE] [REMOVED UNWANTED CHAR]2445778
HIGHERVALUE --> 2456088
LOWERVALUE --> 2436088
Apr 10, 2023 7:22:44 PM com.mavrck.gridbot.server.BotRoom handleBotSession
INFO: STAYING
Apr 10, 2023 7:22:44 PM com.mavrck.gridbot.server.BotRoom handleBotSession
INFO: INSIDE LOOP
Apr 10, 2023 7:22:49 PM com.mavrck.gridbot.server.BotSession getCurrentPrice
INFO: [getCurrentPrice] [CURRENT PRICE] ₹24,45,778
Apr 10, 2023 7:22:49 PM com.mavrck.gridbot.server.BotSession getCurrentPrice
INFO: [getCurrentPrice] [CURRENT PRICE] [REMOVED UNWANTED CHAR]2445778
HIGHERVALUE --> 2456088
LOWERVALUE --> 2436088
Apr 10, 2023 7:22:49 PM com.mavrck.gridbot.server.BotRoom handleBotSession
INFO: STAYING
Apr 10, 2023 7:22:49 PM com.mavrck.gridbot.server.BotRoom handleBotSession
INFO: INSIDE LOOP
Apr 10, 2023 7:22:54 PM com.mavrck.gridbot.server.BotSession getCurrentPrice
INFO: [getCurrentPrice] [CURRENT PRICE] ₹24,45,778
Apr 10, 2023 7:22:54 PM com.mavrck.gridbot.server.BotSession getCurrentPrice
INFO: [getCurrentPrice] [CURRENT PRICE] [REMOVED UNWANTED CHAR]2445778
HIGHERVALUE --> 2456088
LOWERVALUE --> 2436088
Apr 10, 2023 7:22:54 PM com.mavrck.gridbot.server.BotRoom handleBotSession
INFO: STAYING
Apr 10, 2023 7:22:54 PM com.mavrck.gridbot.server.BotRoom handleBotSession
INFO: INSIDE LOOP
Apr 10, 2023 7:22:59 PM com.mavrck.gridbot.server.BotSession getCurrentPrice
INFO: [getCurrentPrice] [CURRENT PRICE] ₹24,45,778
Apr 10, 2023 7:22:59 PM com.mavrck.gridbot.server.BotSession getCurrentPrice
INFO: [getCurrentPrice] [CURRENT PRICE] [REMOVED UNWANTED CHAR]2445778
HIGHERVALUE --> 2456088
LOWERVALUE --> 2436088
Apr 10, 2023 7:22:59 PM com.mavrck.gridbot.server.BotRoom handleBotSession
INFO: STAYING
Apr 10, 2023 7:22:59 PM com.mavrck.gridbot.server.BotRoom handleBotSession
INFO: INSIDE LOOP
Apr 10, 2023 7:23:04 PM com.mavrck.gridbot.server.BotSession getCurrentPrice
INFO: [getCurrentPrice] [CURRENT PRICE] ₹24,45,778
Apr 10, 2023 7:23:04 PM com.mavrck.gridbot.server.BotSession getCurrentPrice
INFO: [getCurrentPrice] [CURRENT PRICE] [REMOVED UNWANTED CHAR]2445778
HIGHERVALUE --> 2456088
LOWERVALUE --> 2436088
Apr 10, 2023 7:23:04 PM com.mavrck.gridbot.server.BotRoom handleBotSession
INFO: STAYING
Apr 10, 2023 7:23:04 PM com.mavrck.gridbot.server.BotRoom handleBotSession
INFO: INSIDE LOOP
Apr 10, 2023 7:23:09 PM com.mavrck.gridbot.server.BotSession getCurrentPrice
INFO: [getCurrentPrice] [CURRENT PRICE] ₹24,45,778
Apr 10, 2023 7:23:09 PM com.mavrck.gridbot.server.BotSession getCurrentPrice
INFO: [getCurrentPrice] [CURRENT PRICE] [REMOVED UNWANTED CHAR]2445778
HIGHERVALUE --> 2456088
LOWERVALUE --> 2436088
Apr 10, 2023 7:23:09 PM com.mavrck.gridbot.server.BotRoom handleBotSession
INFO: STAYING
Apr 10, 2023 7:23:09 PM com.mavrck.gridbot.server.BotRoom handleBotSession
INFO: INSIDE LOOP
Apr 10, 2023 7:23:14 PM com.mavrck.gridbot.server.BotSession getCurrentPrice
INFO: [getCurrentPrice] [CURRENT PRICE] ₹24,45,778
Apr 10, 2023 7:23:14 PM com.mavrck.gridbot.server.BotSession getCurrentPrice
INFO: [getCurrentPrice] [CURRENT PRICE] [REMOVED UNWANTED CHAR]2445778
HIGHERVALUE --> 2456088
LOWERVALUE --> 2436088
Apr 10, 2023 7:23:14 PM com.mavrck.gridbot.server.BotRoom handleBotSession
INFO: STAYING
Apr 10, 2023 7:23:14 PM com.mavrck.gridbot.server.BotRoom handleBotSession
INFO: INSIDE LOOP
Apr 10, 2023 7:23:19 PM com.mavrck.gridbot.server.BotSession getCurrentPrice
INFO: [getCurrentPrice] [CURRENT PRICE] ₹24,45,778
Apr 10, 2023 7:23:19 PM com.mavrck.gridbot.server.BotSession getCurrentPrice
INFO: [getCurrentPrice] [CURRENT PRICE] [REMOVED UNWANTED CHAR]2445778
HIGHERVALUE --> 2456088
LOWERVALUE --> 2436088
Apr 10, 2023 7:23:19 PM com.mavrck.gridbot.server.BotRoom handleBotSession
INFO: STAYING
Apr 10, 2023 7:23:19 PM com.mavrck.gridbot.server.BotRoom handleBotSession
INFO: INSIDE LOOP
Apr 10, 2023 7:23:24 PM com.mavrck.gridbot.server.BotSession getCurrentPrice
INFO: [getCurrentPrice] [CURRENT PRICE] ₹24,45,778
Apr 10, 2023 7:23:24 PM com.mavrck.gridbot.server.BotSession getCurrentPrice
INFO: [getCurrentPrice] [CURRENT PRICE] [REMOVED UNWANTED CHAR]2445778
HIGHERVALUE --> 2456088
LOWERVALUE --> 2436088
Apr 10, 2023 7:23:24 PM com.mavrck.gridbot.server.BotRoom handleBotSession
INFO: STAYING
Apr 10, 2023 7:23:24 PM com.mavrck.gridbot.server.BotRoom handleBotSession
INFO: INSIDE LOOP
Apr 10, 2023 7:23:29 PM com.mavrck.gridbot.server.BotSession getCurrentPrice
INFO: [getCurrentPrice] [CURRENT PRICE] ₹24,45,778
Apr 10, 2023 7:23:29 PM com.mavrck.gridbot.server.BotSession getCurrentPrice
INFO: [getCurrentPrice] [CURRENT PRICE] [REMOVED UNWANTED CHAR]2445778
HIGHERVALUE --> 2456088
LOWERVALUE --> 2436088
Apr 10, 2023 7:23:29 PM com.mavrck.gridbot.server.BotRoom handleBotSession
INFO: STAYING
Apr 10, 2023 7:23:29 PM com.mavrck.gridbot.server.BotRoom handleBotSession
INFO: INSIDE LOOP
Apr 10, 2023 7:23:34 PM com.mavrck.gridbot.server.BotSession getCurrentPrice
INFO: [getCurrentPrice] [CURRENT PRICE] ₹24,45,778
Apr 10, 2023 7:23:34 PM com.mavrck.gridbot.server.BotSession getCurrentPrice
INFO: [getCurrentPrice] [CURRENT PRICE] [REMOVED UNWANTED CHAR]2445778
HIGHERVALUE --> 2456088
LOWERVALUE --> 2436088
Apr 10, 2023 7:23:34 PM com.mavrck.gridbot.server.BotRoom handleBotSession
INFO: STAYING
Apr 10, 2023 7:23:34 PM com.mavrck.gridbot.server.BotRoom handleBotSession
INFO: INSIDE LOOP
Apr 10, 2023 7:23:39 PM com.mavrck.gridbot.server.BotSession getCurrentPrice
INFO: [getCurrentPrice] [CURRENT PRICE] ₹24,45,778
Apr 10, 2023 7:23:39 PM com.mavrck.gridbot.server.BotSession getCurrentPrice
INFO: [getCurrentPrice] [CURRENT PRICE] [REMOVED UNWANTED CHAR]2445778
HIGHERVALUE --> 2456088
LOWERVALUE --> 2436088
Apr 10, 2023 7:23:39 PM com.mavrck.gridbot.server.BotRoom handleBotSession
INFO: STAYING
Apr 10, 2023 7:23:39 PM com.mavrck.gridbot.server.BotRoom handleBotSession
INFO: INSIDE LOOP
Apr 10, 2023 7:23:44 PM com.mavrck.gridbot.server.BotSession getCurrentPrice
INFO: [getCurrentPrice] [CURRENT PRICE] ₹24,45,778
Apr 10, 2023 7:23:44 PM com.mavrck.gridbot.server.BotSession getCurrentPrice
INFO: [getCurrentPrice] [CURRENT PRICE] [REMOVED UNWANTED CHAR]2445778
HIGHERVALUE --> 2456088
LOWERVALUE --> 2436088
Apr 10, 2023 7:23:44 PM com.mavrck.gridbot.server.BotRoom handleBotSession
INFO: STAYING
Apr 10, 2023 7:23:44 PM com.mavrck.gridbot.server.BotRoom handleBotSession
INFO: INSIDE LOOP
Apr 10, 2023 7:23:49 PM com.mavrck.gridbot.server.BotSession getCurrentPrice
INFO: [getCurrentPrice] [CURRENT PRICE] ₹24,45,778
Apr 10, 2023 7:23:49 PM com.mavrck.gridbot.server.BotSession getCurrentPrice
INFO: [getCurrentPrice] [CURRENT PRICE] [REMOVED UNWANTED CHAR]2445778
HIGHERVALUE --> 2456088
LOWERVALUE --> 2436088
Apr 10, 2023 7:23:49 PM com.mavrck.gridbot.server.BotRoom handleBotSession
INFO: STAYING
Apr 10, 2023 7:23:49 PM com.mavrck.gridbot.server.BotRoom handleBotSession
INFO: INSIDE LOOP
Apr 10, 2023 7:23:54 PM com.mavrck.gridbot.server.BotSession getCurrentPrice
INFO: [getCurrentPrice] [CURRENT PRICE] ₹24,45,778
Apr 10, 2023 7:23:54 PM com.mavrck.gridbot.server.BotSession getCurrentPrice
INFO: [getCurrentPrice] [CURRENT PRICE] [REMOVED UNWANTED CHAR]2445778
HIGHERVALUE --> 2456088
LOWERVALUE --> 2436088
Apr 10, 2023 7:23:54 PM com.mavrck.gridbot.server.BotRoom handleBotSession
INFO: STAYING
Apr 10, 2023 7:23:54 PM com.mavrck.gridbot.server.BotRoom handleBotSession
INFO: INSIDE LOOP
Apr 10, 2023 7:23:59 PM com.mavrck.gridbot.server.BotSession getCurrentPrice
INFO: [getCurrentPrice] [CURRENT PRICE] ₹24,45,778
Apr 10, 2023 7:23:59 PM com.mavrck.gridbot.server.BotSession getCurrentPrice
INFO: [getCurrentPrice] [CURRENT PRICE] [REMOVED UNWANTED CHAR]2445778
HIGHERVALUE --> 2456088
LOWERVALUE --> 2436088
Apr 10, 2023 7:23:59 PM com.mavrck.gridbot.server.BotRoom handleBotSession
INFO: STAYING
Apr 10, 2023 7:23:59 PM com.mavrck.gridbot.server.BotRoom handleBotSession
INFO: INSIDE LOOP
Apr 10, 2023 7:24:04 PM com.mavrck.gridbot.server.BotSession getCurrentPrice
INFO: [getCurrentPrice] [CURRENT PRICE] ₹24,45,778
Apr 10, 2023 7:24:04 PM com.mavrck.gridbot.server.BotSession getCurrentPrice
INFO: [getCurrentPrice] [CURRENT PRICE] [REMOVED UNWANTED CHAR]2445778
HIGHERVALUE --> 2456088
LOWERVALUE --> 2436088
Apr 10, 2023 7:24:04 PM com.mavrck.gridbot.server.BotRoom handleBotSession
INFO: STAYING
Apr 10, 2023 7:24:04 PM com.mavrck.gridbot.server.BotRoom handleBotSession
INFO: INSIDE LOOP
Apr 10, 2023 7:24:09 PM com.mavrck.gridbot.server.BotSession getCurrentPrice
INFO: [getCurrentPrice] [CURRENT PRICE] ₹24,45,778
Apr 10, 2023 7:24:09 PM com.mavrck.gridbot.server.BotSession getCurrentPrice
INFO: [getCurrentPrice] [CURRENT PRICE] [REMOVED UNWANTED CHAR]2445778
HIGHERVALUE --> 2456088
LOWERVALUE --> 2436088
Apr 10, 2023 7:24:09 PM com.mavrck.gridbot.server.BotRoom handleBotSession
INFO: STAYING
Apr 10, 2023 7:24:09 PM com.mavrck.gridbot.server.BotRoom handleBotSession
INFO: INSIDE LOOP
Apr 10, 2023 7:24:14 PM com.mavrck.gridbot.server.BotSession getCurrentPrice
INFO: [getCurrentPrice] [CURRENT PRICE] ₹24,45,778
Apr 10, 2023 7:24:14 PM com.mavrck.gridbot.server.BotSession getCurrentPrice
INFO: [getCurrentPrice] [CURRENT PRICE] [REMOVED UNWANTED CHAR]2445778
HIGHERVALUE --> 2456088
LOWERVALUE --> 2436088
Apr 10, 2023 7:24:14 PM com.mavrck.gridbot.server.BotRoom handleBotSession
INFO: STAYING
Apr 10, 2023 7:24:14 PM com.mavrck.gridbot.server.BotRoom handleBotSession
INFO: INSIDE LOOP
Apr 10, 2023 7:24:19 PM com.mavrck.gridbot.server.BotSession getCurrentPrice
INFO: [getCurrentPrice] [CURRENT PRICE] ₹24,45,778
Apr 10, 2023 7:24:19 PM com.mavrck.gridbot.server.BotSession getCurrentPrice
INFO: [getCurrentPrice] [CURRENT PRICE] [REMOVED UNWANTED CHAR]2445778
HIGHERVALUE --> 2456088
LOWERVALUE --> 2436088
Apr 10, 2023 7:24:19 PM com.mavrck.gridbot.server.BotRoom handleBotSession
INFO: STAYING
Apr 10, 2023 7:24:19 PM com.mavrck.gridbot.server.BotRoom handleBotSession
INFO: INSIDE LOOP
Apr 10, 2023 7:24:24 PM com.mavrck.gridbot.server.BotSession getCurrentPrice
INFO: [getCurrentPrice] [CURRENT PRICE] ₹24,45,778
Apr 10, 2023 7:24:24 PM com.mavrck.gridbot.server.BotSession getCurrentPrice
INFO: [getCurrentPrice] [CURRENT PRICE] [REMOVED UNWANTED CHAR]2445778
HIGHERVALUE --> 2456088
LOWERVALUE --> 2436088
Apr 10, 2023 7:24:24 PM com.mavrck.gridbot.server.BotRoom handleBotSession
INFO: STAYING
Apr 10, 2023 7:24:24 PM com.mavrck.gridbot.server.BotRoom handleBotSession
INFO: INSIDE LOOP
Apr 10, 2023 7:24:29 PM com.mavrck.gridbot.server.BotSession getCurrentPrice
INFO: [getCurrentPrice] [CURRENT PRICE] ₹24,45,778
Apr 10, 2023 7:24:29 PM com.mavrck.gridbot.server.BotSession getCurrentPrice
INFO: [getCurrentPrice] [CURRENT PRICE] [REMOVED UNWANTED CHAR]2445778
HIGHERVALUE --> 2456088
LOWERVALUE --> 2436088
Apr 10, 2023 7:24:29 PM com.mavrck.gridbot.server.BotRoom handleBotSession
INFO: STAYING
Apr 10, 2023 7:24:29 PM com.mavrck.gridbot.server.BotRoom handleBotSession
INFO: INSIDE LOOP
Apr 10, 2023 7:24:34 PM com.mavrck.gridbot.server.BotSession getCurrentPrice
INFO: [getCurrentPrice] [CURRENT PRICE] ₹24,45,778
Apr 10, 2023 7:24:34 PM com.mavrck.gridbot.server.BotSession getCurrentPrice
INFO: [getCurrentPrice] [CURRENT PRICE] [REMOVED UNWANTED CHAR]2445778
HIGHERVALUE --> 2456088
LOWERVALUE --> 2436088
Apr 10, 2023 7:24:34 PM com.mavrck.gridbot.server.BotRoom handleBotSession
INFO: STAYING
Apr 10, 2023 7:24:34 PM com.mavrck.gridbot.server.BotRoom handleBotSession
INFO: INSIDE LOOP
Apr 10, 2023 7:24:39 PM com.mavrck.gridbot.server.BotSession getCurrentPrice
INFO: [getCurrentPrice] [CURRENT PRICE] ₹24,45,778
Apr 10, 2023 7:24:39 PM com.mavrck.gridbot.server.BotSession getCurrentPrice
INFO: [getCurrentPrice] [CURRENT PRICE] [REMOVED UNWANTED CHAR]2445778
HIGHERVALUE --> 2456088
LOWERVALUE --> 2436088
Apr 10, 2023 7:24:39 PM com.mavrck.gridbot.server.BotRoom handleBotSession
INFO: STAYING
Apr 10, 2023 7:24:39 PM com.mavrck.gridbot.server.BotRoom handleBotSession
INFO: INSIDE LOOP
Apr 10, 2023 7:24:44 PM com.mavrck.gridbot.server.BotSession getCurrentPrice
INFO: [getCurrentPrice] [CURRENT PRICE] ₹24,45,778
Apr 10, 2023 7:24:44 PM com.mavrck.gridbot.server.BotSession getCurrentPrice
INFO: [getCurrentPrice] [CURRENT PRICE] [REMOVED UNWANTED CHAR]2445778
HIGHERVALUE --> 2456088
LOWERVALUE --> 2436088
Apr 10, 2023 7:24:44 PM com.mavrck.gridbot.server.BotRoom handleBotSession
INFO: STAYING
Apr 10, 2023 7:24:44 PM com.mavrck.gridbot.server.BotRoom handleBotSession
INFO: INSIDE LOOP
Apr 10, 2023 7:24:49 PM com.mavrck.gridbot.server.BotSession getCurrentPrice
INFO: [getCurrentPrice] [CURRENT PRICE] ₹24,45,778
Apr 10, 2023 7:24:49 PM com.mavrck.gridbot.server.BotSession getCurrentPrice
INFO: [getCurrentPrice] [CURRENT PRICE] [REMOVED UNWANTED CHAR]2445778
HIGHERVALUE --> 2456088
LOWERVALUE --> 2436088
Apr 10, 2023 7:24:49 PM com.mavrck.gridbot.server.BotRoom handleBotSession
INFO: STAYING
Apr 10, 2023 7:24:49 PM com.mavrck.gridbot.server.BotRoom handleBotSession
INFO: INSIDE LOOP
Apr 10, 2023 7:24:54 PM com.mavrck.gridbot.server.BotSession getCurrentPrice
INFO: [getCurrentPrice] [CURRENT PRICE] ₹24,45,778
Apr 10, 2023 7:24:54 PM com.mavrck.gridbot.server.BotSession getCurrentPrice
INFO: [getCurrentPrice] [CURRENT PRICE] [REMOVED UNWANTED CHAR]2445778
HIGHERVALUE --> 2456088
LOWERVALUE --> 2436088
Apr 10, 2023 7:24:54 PM com.mavrck.gridbot.server.BotRoom handleBotSession
INFO: STAYING
Apr 10, 2023 7:24:54 PM com.mavrck.gridbot.server.BotRoom handleBotSession
INFO: INSIDE LOOP
Apr 10, 2023 7:24:59 PM com.mavrck.gridbot.server.BotSession getCurrentPrice
INFO: [getCurrentPrice] [CURRENT PRICE] ₹24,45,778
Apr 10, 2023 7:24:59 PM com.mavrck.gridbot.server.BotSession getCurrentPrice
INFO: [getCurrentPrice] [CURRENT PRICE] [REMOVED UNWANTED CHAR]2445778
HIGHERVALUE --> 2456088
LOWERVALUE --> 2436088
Apr 10, 2023 7:24:59 PM com.mavrck.gridbot.server.BotRoom handleBotSession
INFO: STAYING
Apr 10, 2023 7:24:59 PM com.mavrck.gridbot.server.BotRoom handleBotSession
INFO: INSIDE LOOP
Apr 10, 2023 7:25:04 PM com.mavrck.gridbot.server.BotSession getCurrentPrice
INFO: [getCurrentPrice] [CURRENT PRICE] ₹24,45,778
Apr 10, 2023 7:25:04 PM com.mavrck.gridbot.server.BotSession getCurrentPrice
INFO: [getCurrentPrice] [CURRENT PRICE] [REMOVED UNWANTED CHAR]2445778
HIGHERVALUE --> 2456088
LOWERVALUE --> 2436088
Apr 10, 2023 7:25:04 PM com.mavrck.gridbot.server.BotRoom handleBotSession
INFO: STAYING
Apr 10, 2023 7:25:04 PM com.mavrck.gridbot.server.BotRoom handleBotSession
INFO: INSIDE LOOP
Apr 10, 2023 7:25:09 PM com.mavrck.gridbot.server.BotSession getCurrentPrice
INFO: [getCurrentPrice] [CURRENT PRICE] ₹24,45,778
Apr 10, 2023 7:25:09 PM com.mavrck.gridbot.server.BotSession getCurrentPrice
INFO: [getCurrentPrice] [CURRENT PRICE] [REMOVED UNWANTED CHAR]2445778
HIGHERVALUE --> 2456088
LOWERVALUE --> 2436088
Apr 10, 2023 7:25:09 PM com.mavrck.gridbot.server.BotRoom handleBotSession
INFO: STAYING
Apr 10, 2023 7:25:09 PM com.mavrck.gridbot.server.BotRoom handleBotSession
INFO: INSIDE LOOP
Apr 10, 2023 7:25:14 PM com.mavrck.gridbot.server.BotSession getCurrentPrice
INFO: [getCurrentPrice] [CURRENT PRICE] ₹24,45,778
Apr 10, 2023 7:25:14 PM com.mavrck.gridbot.server.BotSession getCurrentPrice
INFO: [getCurrentPrice] [CURRENT PRICE] [REMOVED UNWANTED CHAR]2445778
HIGHERVALUE --> 2456088
LOWERVALUE --> 2436088
Apr 10, 2023 7:25:14 PM com.mavrck.gridbot.server.BotRoom handleBotSession
INFO: STAYING
Apr 10, 2023 7:25:14 PM com.mavrck.gridbot.server.BotRoom handleBotSession
INFO: INSIDE LOOP
Apr 10, 2023 7:25:19 PM com.mavrck.gridbot.server.BotSession getCurrentPrice
INFO: [getCurrentPrice] [CURRENT PRICE] ₹24,45,778
Apr 10, 2023 7:25:19 PM com.mavrck.gridbot.server.BotSession getCurrentPrice
INFO: [getCurrentPrice] [CURRENT PRICE] [REMOVED UNWANTED CHAR]2445778
HIGHERVALUE --> 2456088
LOWERVALUE --> 2436088
Apr 10, 2023 7:25:19 PM com.mavrck.gridbot.server.BotRoom handleBotSession
INFO: STAYING
Apr 10, 2023 7:25:19 PM com.mavrck.gridbot.server.BotRoom handleBotSession
INFO: INSIDE LOOP
Apr 10, 2023 7:25:25 PM com.mavrck.gridbot.server.BotSession getCurrentPrice
INFO: [getCurrentPrice] [CURRENT PRICE] ₹24,45,778
Apr 10, 2023 7:25:25 PM com.mavrck.gridbot.server.BotSession getCurrentPrice
INFO: [getCurrentPrice] [CURRENT PRICE] [REMOVED UNWANTED CHAR]2445778
HIGHERVALUE --> 2456088
LOWERVALUE --> 2436088
Apr 10, 2023 7:25:25 PM com.mavrck.gridbot.server.BotRoom handleBotSession
INFO: STAYING
Apr 10, 2023 7:25:25 PM com.mavrck.gridbot.server.BotRoom handleBotSession
INFO: INSIDE LOOP
Apr 10, 2023 7:25:30 PM com.mavrck.gridbot.server.BotSession getCurrentPrice
INFO: [getCurrentPrice] [CURRENT PRICE] ₹24,45,778
Apr 10, 2023 7:25:30 PM com.mavrck.gridbot.server.BotSession getCurrentPrice
INFO: [getCurrentPrice] [CURRENT PRICE] [REMOVED UNWANTED CHAR]2445778
HIGHERVALUE --> 2456088
LOWERVALUE --> 2436088
Apr 10, 2023 7:25:30 PM com.mavrck.gridbot.server.BotRoom handleBotSession
INFO: STAYING
Apr 10, 2023 7:25:30 PM com.mavrck.gridbot.server.BotRoom handleBotSession
INFO: INSIDE LOOP
Apr 10, 2023 7:25:35 PM com.mavrck.gridbot.server.BotSession getCurrentPrice
INFO: [getCurrentPrice] [CURRENT PRICE] ₹24,45,778
Apr 10, 2023 7:25:35 PM com.mavrck.gridbot.server.BotSession getCurrentPrice
INFO: [getCurrentPrice] [CURRENT PRICE] [REMOVED UNWANTED CHAR]2445778
HIGHERVALUE --> 2456088
LOWERVALUE --> 2436088
Apr 10, 2023 7:25:35 PM com.mavrck.gridbot.server.BotRoom handleBotSession
INFO: STAYING
Apr 10, 2023 7:25:35 PM com.mavrck.gridbot.server.BotRoom handleBotSession
INFO: INSIDE LOOP
Apr 10, 2023 7:25:40 PM com.mavrck.gridbot.server.BotSession getCurrentPrice
INFO: [getCurrentPrice] [CURRENT PRICE] ₹24,45,778
Apr 10, 2023 7:25:40 PM com.mavrck.gridbot.server.BotSession getCurrentPrice
INFO: [getCurrentPrice] [CURRENT PRICE] [REMOVED UNWANTED CHAR]2445778
HIGHERVALUE --> 2456088
LOWERVALUE --> 2436088
Apr 10, 2023 7:25:40 PM com.mavrck.gridbot.server.BotRoom handleBotSession
INFO: STAYING
Apr 10, 2023 7:25:40 PM com.mavrck.gridbot.server.BotRoom handleBotSession
INFO: INSIDE LOOP
Apr 10, 2023 7:25:45 PM com.mavrck.gridbot.server.BotSession getCurrentPrice
INFO: [getCurrentPrice] [CURRENT PRICE] ₹24,64,001
Apr 10, 2023 7:25:45 PM com.mavrck.gridbot.server.BotSession getCurrentPrice
INFO: [getCurrentPrice] [CURRENT PRICE] [REMOVED UNWANTED CHAR]2464001
HIGHERVALUE --> 2456088
Apr 10, 2023 7:25:45 PM com.mavrck.gridbot.server.BotRoom handleBotSession
INFO: CROSSED LEVEL
com.mavrck.gridbot.server.BotSession@366c4480
Apr 10, 2023 7:25:45 PM com.mavrck.gridbot.server.BotSession getCurrentPrice
INFO: [getCurrentPrice] [CURRENT PRICE] ₹24,64,001
Apr 10, 2023 7:25:45 PM com.mavrck.gridbot.server.BotSession getCurrentPrice
INFO: [getCurrentPrice] [CURRENT PRICE] [REMOVED UNWANTED CHAR]2464001
[2404001, 2414001, 2424001, 2434001, 2444001, 2454001, 2464001, 2474001, 2484001, 2494001, 2504001, 2514001]
[red, red, red, red, red, red, red, green, green, green, green, green]
{2396088=red, 2414990=red, 2504001=green, 2464001=red, 2466088=green, 2424001=red, 2484990=green, 2426088=red, 2444990=red, 2386088=red, 2404990=red, 2494001=green, 2496088=green, 2454001=red, 2514990=green, 2456088=green, 2414001=red, 2474990=green, 2416088=red, 2434990=red, 2484001=green, 2486088=green, 2444001=red, 2504990=green, 2446088=red, 2404001=red, 2464990=red, 2406088=red, 2424990=red, 2514001=green, 2474001=green, 2476088=green, 2434001=red, 2494990=green, 2436088=red, 2454990=red}
LOWERVALUE --> 2454001
Apr 10, 2023 7:25:45 PM com.mavrck.gridbot.server.BotRoom handleBotSession
INFO: STAYING
Apr 10, 2023 7:25:45 PM com.mavrck.gridbot.server.BotRoom handleBotSession
INFO: INSIDE LOOP
Apr 10, 2023 7:25:50 PM com.mavrck.gridbot.server.BotSession getCurrentPrice
INFO: [getCurrentPrice] [CURRENT PRICE] ₹24,64,001
Apr 10, 2023 7:25:50 PM com.mavrck.gridbot.server.BotSession getCurrentPrice
INFO: [getCurrentPrice] [CURRENT PRICE] [REMOVED UNWANTED CHAR]2464001
Apr 10, 2023 7:25:50 PM com.mavrck.gridbot.server.BotRoom handleBotSession
INFO: STAYING
Apr 10, 2023 7:25:55 PM com.mavrck.gridbot.server.BotSession getCurrentPrice
INFO: [getCurrentPrice] [CURRENT PRICE] ₹24,64,001
Apr 10, 2023 7:25:55 PM com.mavrck.gridbot.server.BotSession getCurrentPrice
INFO: [getCurrentPrice] [CURRENT PRICE] [REMOVED UNWANTED CHAR]2464001
Apr 10, 2023 7:25:55 PM com.mavrck.gridbot.server.BotRoom handleBotSession
INFO: STAYING
Apr 10, 2023 7:26:00 PM com.mavrck.gridbot.server.BotSession getCurrentPrice
INFO: [getCurrentPrice] [CURRENT PRICE] ₹24,64,001
Apr 10, 2023 7:26:00 PM com.mavrck.gridbot.server.BotSession getCurrentPrice
INFO: [getCurrentPrice] [CURRENT PRICE] [REMOVED UNWANTED CHAR]2464001
Apr 10, 2023 7:26:00 PM com.mavrck.gridbot.server.BotRoom handleBotSession
INFO: STAYING
Apr 10, 2023 7:26:05 PM com.mavrck.gridbot.server.BotSession getCurrentPrice
INFO: [getCurrentPrice] [CURRENT PRICE] ₹24,64,001
Apr 10, 2023 7:26:05 PM com.mavrck.gridbot.server.BotSession getCurrentPrice
INFO: [getCurrentPrice] [CURRENT PRICE] [REMOVED UNWANTED CHAR]2464001
Apr 10, 2023 7:26:05 PM com.mavrck.gridbot.server.BotRoom handleBotSession
INFO: STAYING
Apr 10, 2023 7:26:10 PM com.mavrck.gridbot.server.BotSession getCurrentPrice
INFO: [getCurrentPrice] [CURRENT PRICE] ₹24,64,001
Apr 10, 2023 7:26:10 PM com.mavrck.gridbot.server.BotSession getCurrentPrice
INFO: [getCurrentPrice] [CURRENT PRICE] [REMOVED UNWANTED CHAR]2464001
Apr 10, 2023 7:26:10 PM com.mavrck.gridbot.server.BotRoom handleBotSession
INFO: STAYING
Apr 10, 2023 7:26:15 PM com.mavrck.gridbot.server.BotSession getCurrentPrice
INFO: [getCurrentPrice] [CURRENT PRICE] ₹24,64,001
Apr 10, 2023 7:26:15 PM com.mavrck.gridbot.server.BotSession getCurrentPrice
INFO: [getCurrentPrice] [CURRENT PRICE] [REMOVED UNWANTED CHAR]2464001
Apr 10, 2023 7:26:15 PM com.mavrck.gridbot.server.BotRoom handleBotSession
INFO: STAYING
Apr 10, 2023 7:26:20 PM com.mavrck.gridbot.server.BotSession getCurrentPrice
INFO: [getCurrentPrice] [CURRENT PRICE] ₹24,64,001
Apr 10, 2023 7:26:20 PM com.mavrck.gridbot.server.BotSession getCurrentPrice
INFO: [getCurrentPrice] [CURRENT PRICE] [REMOVED UNWANTED CHAR]2464001
Apr 10, 2023 7:26:20 PM com.mavrck.gridbot.server.BotRoom handleBotSession
INFO: STAYING
Apr 10, 2023 7:26:25 PM com.mavrck.gridbot.server.BotSession getCurrentPrice
INFO: [getCurrentPrice] [CURRENT PRICE] ₹24,64,001
Apr 10, 2023 7:26:25 PM com.mavrck.gridbot.server.BotSession getCurrentPrice
INFO: [getCurrentPrice] [CURRENT PRICE] [REMOVED UNWANTED CHAR]2464001
Apr 10, 2023 7:26:25 PM com.mavrck.gridbot.server.BotRoom handleBotSession
INFO: STAYING
Apr 10, 2023 7:26:30 PM com.mavrck.gridbot.server.BotSession getCurrentPrice
INFO: [getCurrentPrice] [CURRENT PRICE] ₹24,64,001
Apr 10, 2023 7:26:30 PM com.mavrck.gridbot.server.BotSession getCurrentPrice
INFO: [getCurrentPrice] [CURRENT PRICE] [REMOVED UNWANTED CHAR]2464001
Apr 10, 2023 7:26:30 PM com.mavrck.gridbot.server.BotRoom handleBotSession
INFO: STAYING
Apr 10, 2023 7:26:35 PM com.mavrck.gridbot.server.BotSession getCurrentPrice
INFO: [getCurrentPrice] [CURRENT PRICE] ₹24,64,001
Apr 10, 2023 7:26:35 PM com.mavrck.gridbot.server.BotSession getCurrentPrice
INFO: [getCurrentPrice] [CURRENT PRICE] [REMOVED UNWANTED CHAR]2464001
Apr 10, 2023 7:26:35 PM com.mavrck.gridbot.server.BotRoom handleBotSession
INFO: STAYING
Apr 10, 2023 7:26:40 PM com.mavrck.gridbot.server.BotSession getCurrentPrice
INFO: [getCurrentPrice] [CURRENT PRICE] ₹24,64,001
Apr 10, 2023 7:26:40 PM com.mavrck.gridbot.server.BotSession getCurrentPrice
INFO: [getCurrentPrice] [CURRENT PRICE] [REMOVED UNWANTED CHAR]2464001
Apr 10, 2023 7:26:40 PM com.mavrck.gridbot.server.BotRoom handleBotSession
INFO: STAYING
Apr 10, 2023 7:26:45 PM com.mavrck.gridbot.server.BotSession getCurrentPrice
INFO: [getCurrentPrice] [CURRENT PRICE] ₹24,64,001
Apr 10, 2023 7:26:45 PM com.mavrck.gridbot.server.BotSession getCurrentPrice
INFO: [getCurrentPrice] [CURRENT PRICE] [REMOVED UNWANTED CHAR]2464001
Apr 10, 2023 7:26:45 PM com.mavrck.gridbot.server.BotRoom handleBotSession
INFO: STAYING
Apr 10, 2023 7:26:50 PM com.mavrck.gridbot.server.BotSession getCurrentPrice
INFO: [getCurrentPrice] [CURRENT PRICE] ₹24,64,001
Apr 10, 2023 7:26:50 PM com.mavrck.gridbot.server.BotSession getCurrentPrice
INFO: [getCurrentPrice] [CURRENT PRICE] [REMOVED UNWANTED CHAR]2464001
Apr 10, 2023 7:26:50 PM com.mavrck.gridbot.server.BotRoom handleBotSession
INFO: STAYING
Apr 10, 2023 7:26:55 PM com.mavrck.gridbot.server.BotSession getCurrentPrice
INFO: [getCurrentPrice] [CURRENT PRICE] ₹24,64,001
Apr 10, 2023 7:26:55 PM com.mavrck.gridbot.server.BotSession getCurrentPrice
INFO: [getCurrentPrice] [CURRENT PRICE] [REMOVED UNWANTED CHAR]2464001
Apr 10, 2023 7:26:55 PM com.mavrck.gridbot.server.BotRoom handleBotSession
INFO: STAYING
Apr 10, 2023 7:27:00 PM com.mavrck.gridbot.server.BotSession getCurrentPrice
INFO: [getCurrentPrice] [CURRENT PRICE] ₹24,64,001
Apr 10, 2023 7:27:00 PM com.mavrck.gridbot.server.BotSession getCurrentPrice
INFO: [getCurrentPrice] [CURRENT PRICE] [REMOVED UNWANTED CHAR]2464001
Apr 10, 2023 7:27:00 PM com.mavrck.gridbot.server.BotRoom handleBotSession
INFO: STAYING
Apr 10, 2023 7:27:05 PM com.mavrck.gridbot.server.BotSession getCurrentPrice
INFO: [getCurrentPrice] [CURRENT PRICE] ₹24,45,778
Apr 10, 2023 7:27:05 PM com.mavrck.gridbot.server.BotSession getCurrentPrice
INFO: [getCurrentPrice] [CURRENT PRICE] [REMOVED UNWANTED CHAR]2445778
HIGHERVALUE --> 2474001
LOWERVALUE --> 2454001
Apr 10, 2023 7:27:05 PM com.mavrck.gridbot.server.BotRoom handleBotSession
INFO: Waiting for next buy
Apr 10, 2023 7:27:08 PM com.mavrck.gridbot.server.BotSession getCurrentPrice
INFO: [getCurrentPrice] [CURRENT PRICE] ₹24,45,778
Apr 10, 2023 7:27:08 PM com.mavrck.gridbot.server.BotSession getCurrentPrice
INFO: [getCurrentPrice] [CURRENT PRICE] [REMOVED UNWANTED CHAR]2445778
Apr 10, 2023 7:27:08 PM com.mavrck.gridbot.server.BotSession sell
INFO: [BOTSESSION] [SELL]2445778
com.mavrck.gridbot.server.BotSession@366c4480
Apr 10, 2023 7:27:08 PM com.mavrck.gridbot.server.BotSession getCurrentPrice
INFO: [getCurrentPrice] [CURRENT PRICE] ₹24,45,778
Apr 10, 2023 7:27:08 PM com.mavrck.gridbot.server.BotSession getCurrentPrice
INFO: [getCurrentPrice] [CURRENT PRICE] [REMOVED UNWANTED CHAR]2445778
[2385778, 2395778, 2405778, 2415778, 2425778, 2435778, 2445778, 2455778, 2465778, 2475778, 2485778, 2495778]
[red, red, red, red, red, red, red, green, green, green, green, green]
{2405778=red, 2396088=red, 2414990=red, 2504001=green, 2464001=red, 2475778=green, 2466088=green, 2424001=red, 2484990=green, 2435778=red, 2426088=red, 2444990=red, 2395778=red, 2386088=red, 2404990=red, 2494001=green, 2496088=green, 2454001=red, 2514990=green, 2465778=green, 2456088=green, 2414001=red, 2474990=green, 2425778=red, 2416088=red, 2434990=red, 2385778=red, 2484001=green, 2495778=green, 2486088=green, 2444001=red, 2504990=green, 2455778=green, 2446088=red, 2404001=red, 2464990=red, 2415778=red, 2406088=red, 2424990=red, 2514001=green, 2474001=green, 2485778=green, 2476088=green, 2434001=red, 2494990=green, 2445778=red, 2436088=red, 2454990=red}
Apr 10, 2023 7:27:13 PM com.mavrck.gridbot.server.BotSession getCurrentPrice
INFO: [getCurrentPrice] [CURRENT PRICE] ₹24,45,778
Apr 10, 2023 7:27:13 PM com.mavrck.gridbot.server.BotSession getCurrentPrice
INFO: [getCurrentPrice] [CURRENT PRICE] [REMOVED UNWANTED CHAR]2445778
Apr 10, 2023 7:27:13 PM com.mavrck.gridbot.server.BotRoom handleBotSession
INFO: STAYING
Apr 10, 2023 7:27:18 PM com.mavrck.gridbot.server.BotSession getCurrentPrice
INFO: [getCurrentPrice] [CURRENT PRICE] ₹24,45,778
Apr 10, 2023 7:27:18 PM com.mavrck.gridbot.server.BotSession getCurrentPrice
INFO: [getCurrentPrice] [CURRENT PRICE] [REMOVED UNWANTED CHAR]2445778
Apr 10, 2023 7:27:18 PM com.mavrck.gridbot.server.BotRoom handleBotSession
INFO: STAYING
Apr 10, 2023 7:27:23 PM com.mavrck.gridbot.server.BotSession getCurrentPrice
INFO: [getCurrentPrice] [CURRENT PRICE] ₹24,45,778
Apr 10, 2023 7:27:23 PM com.mavrck.gridbot.server.BotSession getCurrentPrice
INFO: [getCurrentPrice] [CURRENT PRICE] [REMOVED UNWANTED CHAR]2445778
Apr 10, 2023 7:27:23 PM com.mavrck.gridbot.server.BotRoom handleBotSession
INFO: STAYING
Apr 10, 2023 7:27:28 PM com.mavrck.gridbot.server.BotSession getCurrentPrice
INFO: [getCurrentPrice] [CURRENT PRICE] ₹24,45,778
Apr 10, 2023 7:27:28 PM com.mavrck.gridbot.server.BotSession getCurrentPrice
INFO: [getCurrentPrice] [CURRENT PRICE] [REMOVED UNWANTED CHAR]2445778
Apr 10, 2023 7:27:28 PM com.mavrck.gridbot.server.BotRoom handleBotSession
INFO: STAYING
Apr 10, 2023 7:27:33 PM com.mavrck.gridbot.server.BotSession getCurrentPrice
INFO: [getCurrentPrice] [CURRENT PRICE] ₹24,45,778
Apr 10, 2023 7:27:33 PM com.mavrck.gridbot.server.BotSession getCurrentPrice
INFO: [getCurrentPrice] [CURRENT PRICE] [REMOVED UNWANTED CHAR]2445778
Apr 10, 2023 7:27:33 PM com.mavrck.gridbot.server.BotRoom handleBotSession
INFO: STAYING
Apr 10, 2023 7:27:38 PM com.mavrck.gridbot.server.BotSession getCurrentPrice
INFO: [getCurrentPrice] [CURRENT PRICE] ₹24,45,778
Apr 10, 2023 7:27:38 PM com.mavrck.gridbot.server.BotSession getCurrentPrice
INFO: [getCurrentPrice] [CURRENT PRICE] [REMOVED UNWANTED CHAR]2445778
Apr 10, 2023 7:27:38 PM com.mavrck.gridbot.server.BotRoom handleBotSession
INFO: STAYING
Apr 10, 2023 7:27:43 PM com.mavrck.gridbot.server.BotSession getCurrentPrice
INFO: [getCurrentPrice] [CURRENT PRICE] ₹24,45,778
Apr 10, 2023 7:27:43 PM com.mavrck.gridbot.server.BotSession getCurrentPrice
INFO: [getCurrentPrice] [CURRENT PRICE] [REMOVED UNWANTED CHAR]2445778
Apr 10, 2023 7:27:43 PM com.mavrck.gridbot.server.BotRoom handleBotSession
INFO: STAYING
Apr 10, 2023 7:27:48 PM com.mavrck.gridbot.server.BotSession getCurrentPrice
INFO: [getCurrentPrice] [CURRENT PRICE] ₹24,45,778
Apr 10, 2023 7:27:48 PM com.mavrck.gridbot.server.BotSession getCurrentPrice
INFO: [getCurrentPrice] [CURRENT PRICE] [REMOVED UNWANTED CHAR]2445778
Apr 10, 2023 7:27:48 PM com.mavrck.gridbot.server.BotRoom handleBotSession
INFO: STAYING
Apr 10, 2023 7:27:53 PM com.mavrck.gridbot.server.BotSession getCurrentPrice
INFO: [getCurrentPrice] [CURRENT PRICE] ₹24,45,778
Apr 10, 2023 7:27:53 PM com.mavrck.gridbot.server.BotSession getCurrentPrice
INFO: [getCurrentPrice] [CURRENT PRICE] [REMOVED UNWANTED CHAR]2445778
Apr 10, 2023 7:27:53 PM com.mavrck.gridbot.server.BotRoom handleBotSession
INFO: STAYING
Apr 10, 2023 7:27:58 PM com.mavrck.gridbot.server.BotSession getCurrentPrice
INFO: [getCurrentPrice] [CURRENT PRICE] ₹24,64,000
Apr 10, 2023 7:27:58 PM com.mavrck.gridbot.server.BotSession getCurrentPrice
INFO: [getCurrentPrice] [CURRENT PRICE] [REMOVED UNWANTED CHAR]2464000
HIGHERVALUE --> 2455778
Apr 10, 2023 7:27:58 PM com.mavrck.gridbot.server.BotRoom handleBotSession
INFO: CROSSED LEVEL
com.mavrck.gridbot.server.BotSession@366c4480
Apr 10, 2023 7:27:58 PM com.mavrck.gridbot.server.BotSession getCurrentPrice
INFO: [getCurrentPrice] [CURRENT PRICE] ₹24,64,000
Apr 10, 2023 7:27:58 PM com.mavrck.gridbot.server.BotSession getCurrentPrice
INFO: [getCurrentPrice] [CURRENT PRICE] [REMOVED UNWANTED CHAR]2464000
[2404000, 2414000, 2424000, 2434000, 2444000, 2454000, 2464000, 2474000, 2484000, 2494000, 2504000, 2514000]
[red, red, red, red, red, red, red, green, green, green, green, green]
{2405778=red, 2396088=red, 2414990=red, 2504001=green, 2504000=green, 2464001=red, 2464000=red, 2475778=green, 2466088=green, 2424001=red, 2424000=red, 2484990=green, 2435778=red, 2426088=red, 2444990=red, 2395778=red, 2386088=red, 2404990=red, 2494001=green, 2494000=green, 2496088=green, 2454001=red, 2454000=red, 2514990=green, 2465778=green, 2456088=green, 2414001=red, 2414000=red, 2474990=green, 2425778=red, 2416088=red, 2434990=red, 2385778=red, 2484001=green, 2484000=green, 2495778=green, 2486088=green, 2444001=red, 2444000=red, 2504990=green, 2455778=green, 2446088=red, 2404001=red, 2404000=red, 2464990=red, 2415778=red, 2406088=red, 2424990=red, 2514001=green, 2514000=green, 2474001=green, 2474000=green, 2485778=green, 2476088=green, 2434001=red, 2434000=red, 2494990=green, 2445778=red, 2436088=red, 2454990=red}
LOWERVALUE --> 2454000
Apr 10, 2023 7:27:58 PM com.mavrck.gridbot.server.BotRoom handleBotSession
INFO: STAYING
Apr 10, 2023 7:27:58 PM com.mavrck.gridbot.server.BotRoom handleBotSession
INFO: INSIDE LOOP
Apr 10, 2023 7:28:03 PM com.mavrck.gridbot.server.BotSession getCurrentPrice
INFO: [getCurrentPrice] [CURRENT PRICE] ₹24,64,000
Apr 10, 2023 7:28:03 PM com.mavrck.gridbot.server.BotSession getCurrentPrice
INFO: [getCurrentPrice] [CURRENT PRICE] [REMOVED UNWANTED CHAR]2464000
Apr 10, 2023 7:28:03 PM com.mavrck.gridbot.server.BotRoom handleBotSession
INFO: STAYING
